Base path: /home/mati/Unity/Hub/Editor/2018.4.27f1/Editor/Data
Cmd: initializeCompiler
Cmd: disassembleShader
  api=9 insize=6660 outsize=6660 ok=1
Cmd: disassembleShader
  api=9 insize=7549 outsize=7549 ok=1
Cmd: disassembleShader
  api=9 insize=7612 outsize=7612 ok=1
Cmd: disassembleShader
  api=9 insize=8022 outsize=8022 ok=1
Cmd: disassembleShader
  api=9 insize=8906 outsize=8906 ok=1
Cmd: disassembleShader
  api=9 insize=8969 outsize=8969 ok=1
Cmd: disassembleShader
  api=9 insize=9558 outsize=9558 ok=1
Cmd: disassembleShader
  api=9 insize=10442 outsize=10442 ok=1
Cmd: disassembleShader
  api=9 insize=10491 outsize=10491 ok=1
Cmd: disassembleShader
  api=9 insize=9779 outsize=9779 ok=1
Cmd: disassembleShader
  api=9 insize=10663 outsize=10663 ok=1
Cmd: disassembleShader
  api=9 insize=10712 outsize=10712 ok=1
Cmd: disassembleShader
  api=9 insize=7900 outsize=7900 ok=1
Cmd: disassembleShader
  api=9 insize=8784 outsize=8784 ok=1
Cmd: disassembleShader
  api=9 insize=8847 outsize=8847 ok=1
Cmd: disassembleShader
  api=9 insize=8129 outsize=8129 ok=1
Cmd: disassembleShader
  api=9 insize=9013 outsize=9013 ok=1
Cmd: disassembleShader
  api=9 insize=9076 outsize=9076 ok=1
Cmd: disassembleShader
  api=9 insize=7804 outsize=7804 ok=1
Cmd: disassembleShader
  api=9 insize=8688 outsize=8688 ok=1
Cmd: disassembleShader
  api=9 insize=8751 outsize=8751 ok=1
Cmd: disassembleShader
  api=9 insize=7845 outsize=7845 ok=1
Cmd: disassembleShader
  api=9 insize=8729 outsize=8729 ok=1
Cmd: disassembleShader
  api=9 insize=8776 outsize=8776 ok=1
Cmd: disassembleShader
  api=9 insize=9462 outsize=9462 ok=1
Cmd: disassembleShader
  api=9 insize=10346 outsize=10346 ok=1
Cmd: disassembleShader
  api=9 insize=10409 outsize=10409 ok=1
Cmd: disassembleShader
  api=9 insize=9687 outsize=9687 ok=1
Cmd: disassembleShader
  api=9 insize=10571 outsize=10571 ok=1
Cmd: disassembleShader
  api=9 insize=10634 outsize=10634 ok=1
Cmd: disassembleShader
  api=9 insize=7747 outsize=7747 ok=1
Cmd: disassembleShader
  api=9 insize=8631 outsize=8631 ok=1
Cmd: disassembleShader
  api=9 insize=8678 outsize=8678 ok=1
Cmd: disassembleShader
  api=9 insize=7980 outsize=7980 ok=1
Cmd: disassembleShader
  api=9 insize=8864 outsize=8864 ok=1
Cmd: disassembleShader
  api=9 insize=8911 outsize=8911 ok=1
Cmd: disassembleShader
  api=9 insize=7612 outsize=7612 ok=1
Cmd: disassembleShader
  api=9 insize=8496 outsize=8496 ok=1
Cmd: disassembleShader
  api=9 insize=8543 outsize=8543 ok=1
Cmd: disassembleShader
  api=9 insize=8965 outsize=8965 ok=1
Cmd: disassembleShader
  api=9 insize=9835 outsize=9835 ok=1
Cmd: disassembleShader
  api=9 insize=9896 outsize=9896 ok=1
Cmd: disassembleShader
  api=9 insize=10554 outsize=10554 ok=1
Cmd: disassembleShader
  api=9 insize=11424 outsize=11424 ok=1
Cmd: disassembleShader
  api=9 insize=11469 outsize=11469 ok=1
Cmd: disassembleShader
  api=9 insize=10779 outsize=10779 ok=1
Cmd: disassembleShader
  api=9 insize=11649 outsize=11649 ok=1
Cmd: disassembleShader
  api=9 insize=11694 outsize=11694 ok=1
Cmd: disassembleShader
  api=9 insize=8872 outsize=8872 ok=1
Cmd: disassembleShader
  api=9 insize=9742 outsize=9742 ok=1
Cmd: disassembleShader
  api=9 insize=9803 outsize=9803 ok=1
Cmd: disassembleShader
  api=9 insize=9105 outsize=9105 ok=1
Cmd: disassembleShader
  api=9 insize=9975 outsize=9975 ok=1
Cmd: disassembleShader
  api=9 insize=10036 outsize=10036 ok=1
Cmd: disassembleShader
  api=9 insize=8732 outsize=8732 ok=1
Cmd: disassembleShader
  api=9 insize=9602 outsize=9602 ok=1
Cmd: disassembleShader
  api=9 insize=9663 outsize=9663 ok=1
Cmd: disassembleShader
  api=9 insize=6903 outsize=6903 ok=1
Cmd: disassembleShader
  api=9 insize=7792 outsize=7792 ok=1
Cmd: disassembleShader
  api=9 insize=7855 outsize=7855 ok=1
Cmd: disassembleShader
  api=9 insize=8496 outsize=8496 ok=1
Cmd: disassembleShader
  api=9 insize=9366 outsize=9366 ok=1
Cmd: disassembleShader
  api=9 insize=9429 outsize=9429 ok=1
Cmd: disassembleShader
  api=9 insize=8717 outsize=8717 ok=1
Cmd: disassembleShader
  api=9 insize=9587 outsize=9587 ok=1
Cmd: disassembleShader
  api=9 insize=9650 outsize=9650 ok=1
Cmd: disassembleShader
  api=9 insize=6770 outsize=6770 ok=1
Cmd: disassembleShader
  api=9 insize=7659 outsize=7659 ok=1
Cmd: disassembleShader
  api=9 insize=7722 outsize=7722 ok=1
Cmd: disassembleShader
  api=9 insize=6999 outsize=6999 ok=1
Cmd: disassembleShader
  api=9 insize=7888 outsize=7888 ok=1
Cmd: disassembleShader
  api=9 insize=7951 outsize=7951 ok=1
Cmd: disassembleShader
  api=9 insize=6660 outsize=6660 ok=1
Cmd: disassembleShader
  api=9 insize=7549 outsize=7549 ok=1
Cmd: disassembleShader
  api=9 insize=7612 outsize=7612 ok=1
Cmd: disassembleShader
  api=9 insize=9378 outsize=9378 ok=1
Cmd: disassembleShader
  api=9 insize=10270 outsize=10270 ok=1
Cmd: disassembleShader
  api=9 insize=10389 outsize=10389 ok=1
Cmd: disassembleShader
  api=9 insize=10900 outsize=10900 ok=1
Cmd: disassembleShader
  api=9 insize=11792 outsize=11792 ok=1
Cmd: disassembleShader
  api=9 insize=11924 outsize=11924 ok=1
Cmd: disassembleShader
  api=9 insize=11121 outsize=11121 ok=1
Cmd: disassembleShader
  api=9 insize=12013 outsize=12013 ok=1
Cmd: disassembleShader
  api=9 insize=12145 outsize=12145 ok=1
Cmd: disassembleShader
  api=9 insize=9256 outsize=9256 ok=1
Cmd: disassembleShader
  api=9 insize=10148 outsize=10148 ok=1
Cmd: disassembleShader
  api=9 insize=10267 outsize=10267 ok=1
Cmd: disassembleShader
  api=9 insize=9485 outsize=9485 ok=1
Cmd: disassembleShader
  api=9 insize=10377 outsize=10377 ok=1
Cmd: disassembleShader
  api=9 insize=10496 outsize=10496 ok=1
Cmd: disassembleShader
  api=9 insize=9160 outsize=9160 ok=1
Cmd: disassembleShader
  api=9 insize=10052 outsize=10052 ok=1
Cmd: disassembleShader
  api=9 insize=10171 outsize=10171 ok=1
Cmd: disassembleShader
  api=9 insize=7845 outsize=7845 ok=1
Cmd: disassembleShader
  api=9 insize=8729 outsize=8729 ok=1
Cmd: disassembleShader
  api=9 insize=8776 outsize=8776 ok=1
Cmd: disassembleShader
  api=9 insize=9462 outsize=9462 ok=1
Cmd: disassembleShader
  api=9 insize=10346 outsize=10346 ok=1
Cmd: disassembleShader
  api=9 insize=10409 outsize=10409 ok=1
Cmd: disassembleShader
  api=9 insize=9687 outsize=9687 ok=1
Cmd: disassembleShader
  api=9 insize=10571 outsize=10571 ok=1
Cmd: disassembleShader
  api=9 insize=10634 outsize=10634 ok=1
Cmd: disassembleShader
  api=9 insize=7747 outsize=7747 ok=1
Cmd: disassembleShader
  api=9 insize=10039 outsize=10039 ok=1
Cmd: disassembleShader
  api=9 insize=8678 outsize=8678 ok=1
Cmd: disassembleShader
  api=9 insize=11724 outsize=11724 ok=1
Cmd: disassembleShader
  api=9 insize=10245 outsize=10245 ok=1
Cmd: disassembleShader
  api=9 insize=11750 outsize=11750 ok=1
Cmd: disassembleShader
  api=9 insize=7612 outsize=7612 ok=1
Cmd: disassembleShader
  api=9 insize=9914 outsize=9914 ok=1
Cmd: disassembleShader
  api=9 insize=11419 outsize=11419 ok=1
Cmd: disassembleShader
  api=9 insize=11599 outsize=11599 ok=1
Cmd: disassembleShader
  api=9 insize=12589 outsize=12589 ok=1
Cmd: disassembleShader
  api=9 insize=14098 outsize=14098 ok=1
Cmd: disassembleShader
  api=9 insize=14274 outsize=14274 ok=1
Cmd: disassembleShader
  api=9 insize=13725 outsize=13725 ok=1
Cmd: disassembleShader
  api=9 insize=15234 outsize=15234 ok=1
Cmd: disassembleShader
  api=9 insize=15424 outsize=15424 ok=1
Cmd: disassembleShader
  api=9 insize=13906 outsize=13906 ok=1
Cmd: disassembleShader
  api=9 insize=15415 outsize=15415 ok=1
Cmd: disassembleShader
  api=9 insize=10214 outsize=10214 ok=1
Cmd: disassembleShader
  api=9 insize=11106 outsize=11106 ok=1
Cmd: disassembleShader
  api=9 insize=14023 outsize=14023 ok=1
Cmd: disassembleShader
  api=9 insize=14199 outsize=14199 ok=1
Cmd: disassembleShader
  api=9 insize=12695 outsize=12695 ok=1
Cmd: disassembleShader
  api=9 insize=11463 outsize=11463 ok=1
Cmd: disassembleShader
  api=9 insize=10074 outsize=10074 ok=1
Cmd: disassembleShader
  api=9 insize=10966 outsize=10966 ok=1
Cmd: disassembleShader
  api=9 insize=11090 outsize=11090 ok=1
Cmd: disassembleShader
  api=9 insize=6903 outsize=6903 ok=1
Cmd: disassembleShader
  api=9 insize=7792 outsize=7792 ok=1
Cmd: disassembleShader
  api=9 insize=7855 outsize=7855 ok=1
Cmd: disassembleShader
  api=9 insize=8496 outsize=8496 ok=1
Cmd: disassembleShader
  api=9 insize=9366 outsize=9366 ok=1
Cmd: disassembleShader
  api=9 insize=9429 outsize=9429 ok=1
Cmd: disassembleShader
  api=9 insize=8717 outsize=8717 ok=1
Cmd: disassembleShader
  api=9 insize=9601 outsize=9601 ok=1
Cmd: disassembleShader
  api=9 insize=9650 outsize=9650 ok=1
Cmd: disassembleShader
  api=9 insize=10657 outsize=10657 ok=1
Cmd: disassembleShader
  api=9 insize=8173 outsize=8173 ok=1
Cmd: disassembleShader
  api=9 insize=9039 outsize=9039 ok=1
Cmd: disassembleShader
  api=9 insize=9206 outsize=9206 ok=1
Cmd: disassembleShader
  api=9 insize=8379 outsize=8379 ok=1
Cmd: disassembleShader
  api=9 insize=7951 outsize=7951 ok=1
Cmd: disassembleShader
  api=9 insize=0 outsize=57 ok=1
Cmd: disassembleShader
  api=9 insize=0 outsize=57 ok=1
Cmd: disassembleShader
  api=9 insize=0 outsize=57 ok=1
Cmd: disassembleShader
  api=9 insize=0 outsize=57 ok=1
Cmd: disassembleShader
  api=9 insize=0 outsize=57 ok=1
Cmd: disassembleShader
  api=9 insize=0 outsize=57 ok=1
Cmd: disassembleShader
  api=9 insize=0 outsize=57 ok=1
Cmd: disassembleShader
  api=9 insize=0 outsize=57 ok=1
Cmd: disassembleShader
  api=9 insize=0 outsize=57 ok=1
Cmd: disassembleShader
  api=9 insize=0 outsize=57 ok=1
Cmd: disassembleShader
  api=9 insize=0 outsize=57 ok=1
Cmd: disassembleShader
  api=9 insize=0 outsize=57 ok=1
Cmd: disassembleShader
  api=9 insize=0 outsize=57 ok=1
Cmd: disassembleShader
  api=9 insize=0 outsize=57 ok=1
Cmd: disassembleShader
  api=9 insize=0 outsize=57 ok=1
Cmd: disassembleShader
  api=9 insize=0 outsize=57 ok=1
Cmd: disassembleShader
  api=9 insize=0 outsize=57 ok=1
Cmd: disassembleShader
  api=9 insize=0 outsize=57 ok=1
Cmd: disassembleShader
  api=9 insize=0 outsize=57 ok=1
Cmd: disassembleShader
  api=9 insize=0 outsize=57 ok=1
Cmd: disassembleShader
  api=9 insize=0 outsize=57 ok=1
Cmd: disassembleShader
  api=9 insize=0 outsize=57 ok=1
Cmd: disassembleShader
  api=9 insize=0 outsize=57 ok=1
Cmd: disassembleShader
  api=9 insize=0 outsize=57 ok=1
Cmd: disassembleShader
  api=9 insize=0 outsize=57 ok=1
Cmd: disassembleShader
  api=9 insize=0 outsize=57 ok=1
Cmd: disassembleShader
  api=9 insize=0 outsize=57 ok=1
Cmd: disassembleShader
  api=9 insize=0 outsize=57 ok=1
Cmd: disassembleShader
  api=9 insize=0 outsize=57 ok=1
Cmd: disassembleShader
  api=9 insize=0 outsize=57 ok=1
Cmd: disassembleShader
  api=9 insize=0 outsize=57 ok=1
Cmd: disassembleShader
  api=9 insize=0 outsize=57 ok=1
Cmd: disassembleShader
  api=9 insize=0 outsize=57 ok=1
Cmd: disassembleShader
  api=9 insize=0 outsize=57 ok=1
Cmd: disassembleShader
  api=9 insize=0 outsize=57 ok=1
Cmd: disassembleShader
  api=9 insize=0 outsize=57 ok=1
Cmd: disassembleShader
  api=9 insize=0 outsize=57 ok=1
Cmd: disassembleShader
  api=9 insize=0 outsize=57 ok=1
Cmd: disassembleShader
  api=9 insize=0 outsize=57 ok=1
Cmd: disassembleShader
  api=9 insize=0 outsize=57 ok=1
Cmd: disassembleShader
  api=9 insize=0 outsize=57 ok=1
Cmd: disassembleShader
  api=9 insize=0 outsize=57 ok=1
Cmd: disassembleShader
  api=9 insize=0 outsize=57 ok=1
Cmd: disassembleShader
  api=9 insize=0 outsize=57 ok=1
Cmd: disassembleShader
  api=9 insize=0 outsize=57 ok=1
Cmd: disassembleShader
  api=9 insize=0 outsize=57 ok=1
Cmd: disassembleShader
  api=9 insize=0 outsize=57 ok=1
Cmd: disassembleShader
  api=9 insize=0 outsize=57 ok=1
Cmd: disassembleShader
  api=9 insize=0 outsize=57 ok=1
Cmd: disassembleShader
  api=9 insize=0 outsize=57 ok=1
Cmd: disassembleShader
  api=9 insize=0 outsize=57 ok=1
Cmd: disassembleShader
  api=9 insize=0 outsize=57 ok=1
Cmd: disassembleShader
  api=9 insize=0 outsize=57 ok=1
Cmd: disassembleShader
  api=9 insize=0 outsize=57 ok=1
Cmd: disassembleShader
  api=9 insize=0 outsize=57 ok=1
Cmd: disassembleShader
  api=9 insize=0 outsize=57 ok=1
Cmd: disassembleShader
  api=9 insize=0 outsize=57 ok=1
Cmd: disassembleShader
  api=9 insize=0 outsize=57 ok=1
Cmd: disassembleShader
  api=9 insize=0 outsize=57 ok=1
Cmd: disassembleShader
  api=9 insize=0 outsize=57 ok=1
Cmd: disassembleShader
  api=9 insize=0 outsize=57 ok=1
Cmd: disassembleShader
  api=9 insize=0 outsize=57 ok=1
Cmd: disassembleShader
  api=9 insize=0 outsize=57 ok=1
Cmd: disassembleShader
  api=9 insize=0 outsize=57 ok=1
Cmd: disassembleShader
  api=9 insize=0 outsize=57 ok=1
Cmd: disassembleShader
  api=9 insize=0 outsize=57 ok=1
Cmd: disassembleShader
  api=9 insize=0 outsize=57 ok=1
Cmd: disassembleShader
  api=9 insize=0 outsize=57 ok=1
Cmd: disassembleShader
  api=9 insize=0 outsize=57 ok=1
Cmd: disassembleShader
  api=9 insize=0 outsize=57 ok=1
Cmd: disassembleShader
  api=9 insize=0 outsize=57 ok=1
Cmd: disassembleShader
  api=9 insize=0 outsize=57 ok=1
Cmd: disassembleShader
  api=9 insize=6028 outsize=6028 ok=1
Cmd: disassembleShader
  api=9 insize=7958 outsize=7958 ok=1
Cmd: disassembleShader
  api=9 insize=8021 outsize=8021 ok=1
Cmd: disassembleShader
  api=9 insize=6303 outsize=6303 ok=1
Cmd: disassembleShader
  api=9 insize=8049 outsize=8049 ok=1
Cmd: disassembleShader
  api=9 insize=8128 outsize=8128 ok=1
Cmd: disassembleShader
  api=9 insize=4909 outsize=4909 ok=1
Cmd: disassembleShader
  api=9 insize=5798 outsize=5798 ok=1
Cmd: disassembleShader
  api=9 insize=5877 outsize=5877 ok=1
Cmd: disassembleShader
  api=9 insize=4779 outsize=4779 ok=1
Cmd: disassembleShader
  api=9 insize=5668 outsize=5668 ok=1
Cmd: disassembleShader
  api=9 insize=5747 outsize=5747 ok=1
Cmd: disassembleShader
  api=9 insize=7907 outsize=7907 ok=1
Cmd: disassembleShader
  api=9 insize=9656 outsize=9656 ok=1
Cmd: disassembleShader
  api=9 insize=9749 outsize=9749 ok=1
Cmd: disassembleShader
  api=9 insize=7601 outsize=7601 ok=1
Cmd: disassembleShader
  api=9 insize=8485 outsize=8485 ok=1
Cmd: disassembleShader
  api=9 insize=8548 outsize=8548 ok=1
Cmd: disassembleShader
  api=9 insize=7488 outsize=7488 ok=1
Cmd: disassembleShader
  api=9 insize=8372 outsize=8372 ok=1
Cmd: disassembleShader
  api=9 insize=8435 outsize=8435 ok=1
Cmd: disassembleShader
  api=9 insize=8582 outsize=8582 ok=1
Cmd: disassembleShader
  api=9 insize=9452 outsize=9452 ok=1
Cmd: disassembleShader
  api=9 insize=9545 outsize=9545 ok=1
Cmd: disassembleShader
  api=9 insize=7389 outsize=7389 ok=1
Cmd: disassembleShader
  api=9 insize=8273 outsize=8273 ok=1
Cmd: disassembleShader
  api=9 insize=8336 outsize=8336 ok=1
Cmd: disassembleShader
  api=9 insize=7227 outsize=7227 ok=1
Cmd: disassembleShader
  api=9 insize=8111 outsize=8111 ok=1
Cmd: disassembleShader
  api=9 insize=8174 outsize=8174 ok=1
Cmd: disassembleShader
  api=9 insize=8214 outsize=8214 ok=1
Cmd: disassembleShader
  api=9 insize=9084 outsize=9084 ok=1
Cmd: disassembleShader
  api=9 insize=9177 outsize=9177 ok=1
Cmd: disassembleShader
  api=9 insize=7032 outsize=7032 ok=1
Cmd: disassembleShader
  api=9 insize=7916 outsize=7916 ok=1
Cmd: disassembleShader
  api=9 insize=7979 outsize=7979 ok=1
Cmd: disassembleShader
  api=9 insize=6864 outsize=6864 ok=1
Cmd: disassembleShader
  api=9 insize=7748 outsize=7748 ok=1
Cmd: disassembleShader
  api=9 insize=7811 outsize=7811 ok=1
Cmd: disassembleShader
  api=9 insize=10754 outsize=10754 ok=1
Cmd: disassembleShader
  api=9 insize=12263 outsize=12263 ok=1
Cmd: disassembleShader
  api=9 insize=12369 outsize=12369 ok=1
Cmd: disassembleShader
  api=9 insize=9520 outsize=9520 ok=1
Cmd: disassembleShader
  api=9 insize=11043 outsize=11043 ok=1
Cmd: disassembleShader
  api=9 insize=11119 outsize=11119 ok=1
Cmd: disassembleShader
  api=9 insize=9407 outsize=9407 ok=1
Cmd: disassembleShader
  api=9 insize=10930 outsize=10930 ok=1
Cmd: disassembleShader
  api=9 insize=11006 outsize=11006 ok=1
Cmd: disassembleShader
  api=9 insize=11390 outsize=11390 ok=1
Cmd: disassembleShader
  api=9 insize=12899 outsize=12899 ok=1
Cmd: disassembleShader
  api=9 insize=13005 outsize=13005 ok=1
Cmd: disassembleShader
  api=9 insize=10153 outsize=10153 ok=1
Cmd: disassembleShader
  api=9 insize=11676 outsize=11676 ok=1
Cmd: disassembleShader
  api=9 insize=11752 outsize=11752 ok=1
Cmd: disassembleShader
  api=9 insize=10040 outsize=10040 ok=1
Cmd: disassembleShader
  api=9 insize=11563 outsize=11563 ok=1
Cmd: disassembleShader
  api=9 insize=11639 outsize=11639 ok=1
Cmd: disassembleShader
  api=9 insize=9176 outsize=9176 ok=1
Cmd: disassembleShader
  api=9 insize=10685 outsize=10685 ok=1
Cmd: disassembleShader
  api=9 insize=10777 outsize=10777 ok=1
Cmd: disassembleShader
  api=9 insize=7937 outsize=7937 ok=1
Cmd: disassembleShader
  api=9 insize=9456 outsize=9456 ok=1
Cmd: disassembleShader
  api=9 insize=9538 outsize=9538 ok=1
Cmd: disassembleShader
  api=9 insize=7824 outsize=7824 ok=1
Cmd: disassembleShader
  api=9 insize=9343 outsize=9343 ok=1
Cmd: disassembleShader
  api=9 insize=9425 outsize=9425 ok=1
Cmd: disassembleShader
  api=9 insize=10171 outsize=10171 ok=1
Cmd: disassembleShader
  api=9 insize=11680 outsize=11680 ok=1
Cmd: disassembleShader
  api=9 insize=11786 outsize=11786 ok=1
Cmd: disassembleShader
  api=9 insize=8937 outsize=8937 ok=1
Cmd: disassembleShader
  api=9 insize=10460 outsize=10460 ok=1
Cmd: disassembleShader
  api=9 insize=10536 outsize=10536 ok=1
Cmd: disassembleShader
  api=9 insize=8824 outsize=8824 ok=1
Cmd: disassembleShader
  api=9 insize=10347 outsize=10347 ok=1
Cmd: disassembleShader
  api=9 insize=10423 outsize=10423 ok=1
Cmd: disassembleShader
  api=9 insize=10412 outsize=10412 ok=1
Cmd: disassembleShader
  api=9 insize=11921 outsize=11921 ok=1
Cmd: disassembleShader
  api=9 insize=12027 outsize=12027 ok=1
Cmd: disassembleShader
  api=9 insize=9178 outsize=9178 ok=1
Cmd: disassembleShader
  api=9 insize=10701 outsize=10701 ok=1
Cmd: disassembleShader
  api=9 insize=10777 outsize=10777 ok=1
Cmd: disassembleShader
  api=9 insize=9065 outsize=9065 ok=1
Cmd: disassembleShader
  api=9 insize=10588 outsize=10588 ok=1
Cmd: disassembleShader
  api=9 insize=10664 outsize=10664 ok=1
Cmd: disassembleShader
  api=9 insize=11081 outsize=11081 ok=1
Cmd: disassembleShader
  api=9 insize=12590 outsize=12590 ok=1
Cmd: disassembleShader
  api=9 insize=12696 outsize=12696 ok=1
Cmd: disassembleShader
  api=9 insize=9844 outsize=9844 ok=1
Cmd: disassembleShader
  api=9 insize=11367 outsize=11367 ok=1
Cmd: disassembleShader
  api=9 insize=11443 outsize=11443 ok=1
Cmd: disassembleShader
  api=9 insize=9731 outsize=9731 ok=1
Cmd: disassembleShader
  api=9 insize=11254 outsize=11254 ok=1
Cmd: disassembleShader
  api=9 insize=11330 outsize=11330 ok=1
Cmd: disassembleShader
  api=9 insize=10554 outsize=10554 ok=1
Cmd: disassembleShader
  api=9 insize=12063 outsize=12063 ok=1
Cmd: disassembleShader
  api=9 insize=12169 outsize=12169 ok=1
Cmd: disassembleShader
  api=9 insize=9320 outsize=9320 ok=1
Cmd: disassembleShader
  api=9 insize=10843 outsize=10843 ok=1
Cmd: disassembleShader
  api=9 insize=10919 outsize=10919 ok=1
Cmd: disassembleShader
  api=9 insize=9207 outsize=9207 ok=1
Cmd: disassembleShader
  api=9 insize=10730 outsize=10730 ok=1
Cmd: disassembleShader
  api=9 insize=10806 outsize=10806 ok=1
Cmd: disassembleShader
  api=9 insize=11223 outsize=11223 ok=1
Cmd: disassembleShader
  api=9 insize=12732 outsize=12732 ok=1
Cmd: disassembleShader
  api=9 insize=12838 outsize=12838 ok=1
Cmd: disassembleShader
  api=9 insize=9986 outsize=9986 ok=1
Cmd: disassembleShader
  api=9 insize=11509 outsize=11509 ok=1
Cmd: disassembleShader
  api=9 insize=11585 outsize=11585 ok=1
Cmd: disassembleShader
  api=9 insize=9873 outsize=9873 ok=1
Cmd: disassembleShader
  api=9 insize=11396 outsize=11396 ok=1
Cmd: disassembleShader
  api=9 insize=11472 outsize=11472 ok=1
Cmd: disassembleShader
  api=9 insize=8429 outsize=8429 ok=1
Cmd: disassembleShader
  api=9 insize=9299 outsize=9299 ok=1
Cmd: disassembleShader
  api=9 insize=9392 outsize=9392 ok=1
Cmd: disassembleShader
  api=9 insize=7247 outsize=7247 ok=1
Cmd: disassembleShader
  api=9 insize=8131 outsize=8131 ok=1
Cmd: disassembleShader
  api=9 insize=8194 outsize=8194 ok=1
Cmd: disassembleShader
  api=9 insize=0 outsize=57 ok=1
Cmd: disassembleShader
  api=9 insize=0 outsize=57 ok=1
Cmd: disassembleShader
  api=9 insize=0 outsize=57 ok=1
Cmd: disassembleShader
  api=9 insize=0 outsize=57 ok=1
Cmd: disassembleShader
  api=9 insize=0 outsize=57 ok=1
Cmd: disassembleShader
  api=9 insize=0 outsize=57 ok=1
Cmd: disassembleShader
  api=9 insize=0 outsize=57 ok=1
Cmd: disassembleShader
  api=9 insize=0 outsize=57 ok=1
Cmd: disassembleShader
  api=9 insize=0 outsize=57 ok=1
Cmd: disassembleShader
  api=9 insize=0 outsize=57 ok=1
Cmd: disassembleShader
  api=9 insize=0 outsize=57 ok=1
Cmd: disassembleShader
  api=9 insize=0 outsize=57 ok=1
Cmd: disassembleShader
  api=9 insize=0 outsize=57 ok=1
Cmd: disassembleShader
  api=9 insize=0 outsize=57 ok=1
Cmd: disassembleShader
  api=9 insize=0 outsize=57 ok=1
Cmd: disassembleShader
  api=9 insize=0 outsize=57 ok=1
Cmd: disassembleShader
  api=9 insize=0 outsize=57 ok=1
Cmd: disassembleShader
  api=9 insize=0 outsize=57 ok=1
Cmd: disassembleShader
  api=9 insize=0 outsize=57 ok=1
Cmd: disassembleShader
  api=9 insize=0 outsize=57 ok=1
Cmd: disassembleShader
  api=9 insize=0 outsize=57 ok=1
Cmd: disassembleShader
  api=9 insize=0 outsize=57 ok=1
Cmd: disassembleShader
  api=9 insize=0 outsize=57 ok=1
Cmd: disassembleShader
  api=9 insize=0 outsize=57 ok=1
Cmd: disassembleShader
  api=9 insize=0 outsize=57 ok=1
Cmd: disassembleShader
  api=9 insize=0 outsize=57 ok=1
Cmd: disassembleShader
  api=9 insize=0 outsize=57 ok=1
Cmd: disassembleShader
  api=9 insize=0 outsize=57 ok=1
Cmd: disassembleShader
  api=9 insize=0 outsize=57 ok=1
Cmd: disassembleShader
  api=9 insize=0 outsize=57 ok=1
Cmd: disassembleShader
  api=9 insize=0 outsize=57 ok=1
Cmd: disassembleShader
  api=9 insize=0 outsize=57 ok=1
Cmd: disassembleShader
  api=9 insize=0 outsize=57 ok=1
Cmd: disassembleShader
  api=9 insize=0 outsize=57 ok=1
Cmd: disassembleShader
  api=9 insize=0 outsize=57 ok=1
Cmd: disassembleShader
  api=9 insize=0 outsize=57 ok=1
Cmd: disassembleShader
  api=9 insize=0 outsize=57 ok=1
Cmd: disassembleShader
  api=9 insize=0 outsize=57 ok=1
Cmd: disassembleShader
  api=9 insize=0 outsize=57 ok=1
Cmd: disassembleShader
  api=9 insize=0 outsize=57 ok=1
Cmd: disassembleShader
  api=9 insize=0 outsize=57 ok=1
Cmd: disassembleShader
  api=9 insize=0 outsize=57 ok=1
Cmd: disassembleShader
  api=9 insize=0 outsize=57 ok=1
Cmd: disassembleShader
  api=9 insize=0 outsize=57 ok=1
Cmd: disassembleShader
  api=9 insize=0 outsize=57 ok=1
Cmd: disassembleShader
  api=9 insize=0 outsize=57 ok=1
Cmd: disassembleShader
  api=9 insize=0 outsize=57 ok=1
Cmd: disassembleShader
  api=9 insize=0 outsize=57 ok=1
Cmd: disassembleShader
  api=9 insize=0 outsize=57 ok=1
Cmd: disassembleShader
  api=9 insize=0 outsize=57 ok=1
Cmd: disassembleShader
  api=9 insize=0 outsize=57 ok=1
Cmd: disassembleShader
  api=9 insize=0 outsize=57 ok=1
Cmd: disassembleShader
  api=9 insize=0 outsize=57 ok=1
Cmd: disassembleShader
  api=9 insize=0 outsize=57 ok=1
Cmd: disassembleShader
  api=9 insize=0 outsize=57 ok=1
Cmd: disassembleShader
  api=9 insize=0 outsize=57 ok=1
Cmd: disassembleShader
  api=9 insize=0 outsize=57 ok=1
Cmd: disassembleShader
  api=9 insize=0 outsize=57 ok=1
Cmd: disassembleShader
  api=9 insize=0 outsize=57 ok=1
Cmd: disassembleShader
  api=9 insize=0 outsize=57 ok=1
Cmd: disassembleShader
  api=9 insize=0 outsize=57 ok=1
Cmd: disassembleShader
  api=9 insize=0 outsize=57 ok=1
Cmd: disassembleShader
  api=9 insize=0 outsize=57 ok=1
Cmd: disassembleShader
  api=9 insize=0 outsize=57 ok=1
Cmd: disassembleShader
  api=9 insize=0 outsize=57 ok=1
Cmd: disassembleShader
  api=9 insize=0 outsize=57 ok=1
Cmd: disassembleShader
  api=9 insize=0 outsize=57 ok=1
Cmd: disassembleShader
  api=9 insize=0 outsize=57 ok=1
Cmd: disassembleShader
  api=9 insize=0 outsize=57 ok=1
Cmd: disassembleShader
  api=9 insize=0 outsize=57 ok=1
Cmd: disassembleShader
  api=9 insize=0 outsize=57 ok=1
Cmd: disassembleShader
  api=9 insize=0 outsize=57 ok=1
Cmd: disassembleShader
  api=9 insize=0 outsize=57 ok=1
Cmd: disassembleShader
  api=9 insize=0 outsize=57 ok=1
Cmd: disassembleShader
  api=9 insize=0 outsize=57 ok=1
Cmd: disassembleShader
  api=9 insize=0 outsize=57 ok=1
Cmd: disassembleShader
  api=9 insize=0 outsize=57 ok=1
Cmd: disassembleShader
  api=9 insize=0 outsize=57 ok=1
Cmd: disassembleShader
  api=9 insize=0 outsize=57 ok=1
Cmd: disassembleShader
  api=9 insize=0 outsize=57 ok=1
Cmd: disassembleShader
  api=9 insize=0 outsize=57 ok=1
Cmd: disassembleShader
  api=9 insize=0 outsize=57 ok=1
Cmd: disassembleShader
  api=9 insize=0 outsize=57 ok=1
Cmd: disassembleShader
  api=9 insize=0 outsize=57 ok=1
Cmd: disassembleShader
  api=9 insize=0 outsize=57 ok=1
Cmd: disassembleShader
  api=9 insize=0 outsize=57 ok=1
Cmd: disassembleShader
  api=9 insize=0 outsize=57 ok=1
Cmd: disassembleShader
  api=9 insize=0 outsize=57 ok=1
Cmd: disassembleShader
  api=9 insize=0 outsize=57 ok=1
Cmd: disassembleShader
  api=9 insize=0 outsize=57 ok=1
Cmd: disassembleShader
  api=9 insize=0 outsize=57 ok=1
Cmd: disassembleShader
  api=9 insize=0 outsize=57 ok=1
Cmd: disassembleShader
  api=9 insize=0 outsize=57 ok=1
Cmd: disassembleShader
  api=9 insize=0 outsize=57 ok=1
Cmd: disassembleShader
  api=9 insize=0 outsize=57 ok=1
Cmd: disassembleShader
  api=9 insize=0 outsize=57 ok=1
Cmd: disassembleShader
  api=9 insize=0 outsize=57 ok=1
Cmd: disassembleShader
  api=9 insize=0 outsize=57 ok=1
Cmd: disassembleShader
  api=9 insize=0 outsize=57 ok=1
Cmd: disassembleShader
  api=9 insize=0 outsize=57 ok=1
Cmd: disassembleShader
  api=9 insize=0 outsize=57 ok=1
Cmd: disassembleShader
  api=9 insize=0 outsize=57 ok=1
Cmd: disassembleShader
  api=9 insize=0 outsize=57 ok=1
Cmd: disassembleShader
  api=9 insize=0 outsize=57 ok=1
Cmd: disassembleShader
  api=9 insize=0 outsize=57 ok=1
Cmd: disassembleShader
  api=9 insize=0 outsize=57 ok=1
Cmd: disassembleShader
  api=9 insize=0 outsize=57 ok=1
Cmd: disassembleShader
  api=9 insize=0 outsize=57 ok=1
Cmd: disassembleShader
  api=9 insize=0 outsize=57 ok=1
Cmd: disassembleShader
  api=9 insize=0 outsize=57 ok=1
Cmd: disassembleShader
  api=9 insize=0 outsize=57 ok=1
Cmd: disassembleShader
  api=9 insize=0 outsize=57 ok=1
Cmd: disassembleShader
  api=9 insize=0 outsize=57 ok=1
Cmd: disassembleShader
  api=9 insize=0 outsize=57 ok=1
Cmd: disassembleShader
  api=9 insize=0 outsize=57 ok=1
Cmd: disassembleShader
  api=9 insize=0 outsize=57 ok=1
Cmd: disassembleShader
  api=9 insize=0 outsize=57 ok=1
Cmd: disassembleShader
  api=9 insize=2629 outsize=2629 ok=1
Cmd: disassembleShader
  api=9 insize=3281 outsize=3281 ok=1
Cmd: disassembleShader
  api=9 insize=3573 outsize=3573 ok=1
Cmd: disassembleShader
  api=9 insize=3262 outsize=3262 ok=1
Cmd: disassembleShader
  api=9 insize=3914 outsize=3914 ok=1
Cmd: disassembleShader
  api=9 insize=4206 outsize=4206 ok=1
Cmd: disassembleShader
  api=9 insize=2402 outsize=2402 ok=1
Cmd: disassembleShader
  api=9 insize=3054 outsize=3054 ok=1
Cmd: disassembleShader
  api=9 insize=3346 outsize=3346 ok=1
Cmd: disassembleShader
  api=9 insize=3489 outsize=3489 ok=1
Cmd: disassembleShader
  api=9 insize=4141 outsize=4141 ok=1
Cmd: disassembleShader
  api=9 insize=4433 outsize=4433 ok=1
Cmd: disassembleShader
  api=9 insize=0 outsize=57 ok=1
Cmd: disassembleShader
  api=9 insize=0 outsize=57 ok=1
Cmd: disassembleShader
  api=9 insize=0 outsize=57 ok=1
Cmd: disassembleShader
  api=9 insize=0 outsize=57 ok=1
Cmd: disassembleShader
  api=9 insize=0 outsize=57 ok=1
Cmd: disassembleShader
  api=9 insize=0 outsize=57 ok=1
Cmd: disassembleShader
  api=9 insize=0 outsize=57 ok=1
Cmd: disassembleShader
  api=9 insize=0 outsize=57 ok=1
Cmd: disassembleShader
  api=9 insize=0 outsize=57 ok=1
Cmd: disassembleShader
  api=9 insize=0 outsize=57 ok=1
Cmd: disassembleShader
  api=9 insize=0 outsize=57 ok=1
Cmd: disassembleShader
  api=9 insize=0 outsize=57 ok=1
Cmd: disassembleShader
  api=9 insize=4286 outsize=4286 ok=1
Cmd: disassembleShader
  api=9 insize=5152 outsize=5152 ok=1
Cmd: disassembleShader
  api=9 insize=5319 outsize=5319 ok=1
Cmd: disassembleShader
  api=9 insize=5727 outsize=5727 ok=1
Cmd: disassembleShader
  api=9 insize=6597 outsize=6597 ok=1
Cmd: disassembleShader
  api=9 insize=6760 outsize=6760 ok=1
Cmd: disassembleShader
  api=9 insize=6777 outsize=6777 ok=1
Cmd: disassembleShader
  api=9 insize=7661 outsize=7661 ok=1
Cmd: disassembleShader
  api=9 insize=7824 outsize=7824 ok=1
Cmd: disassembleShader
  api=9 insize=6995 outsize=6995 ok=1
Cmd: disassembleShader
  api=9 insize=7879 outsize=7879 ok=1
Cmd: disassembleShader
  api=9 insize=8042 outsize=8042 ok=1
Cmd: disassembleShader
  api=9 insize=5531 outsize=5531 ok=1
Cmd: disassembleShader
  api=9 insize=6401 outsize=6401 ok=1
Cmd: disassembleShader
  api=9 insize=6564 outsize=6564 ok=1
Cmd: disassembleShader
  api=9 insize=5749 outsize=5749 ok=1
Cmd: disassembleShader
  api=9 insize=6619 outsize=6619 ok=1
Cmd: disassembleShader
  api=9 insize=6782 outsize=6782 ok=1
Cmd: disassembleShader
  api=9 insize=5509 outsize=5509 ok=1
Cmd: disassembleShader
  api=9 insize=6379 outsize=6379 ok=1
Cmd: disassembleShader
  api=9 insize=6542 outsize=6542 ok=1
Cmd: disassembleShader
  api=9 insize=4505 outsize=4505 ok=1
Cmd: disassembleShader
  api=9 insize=5371 outsize=5371 ok=1
Cmd: disassembleShader
  api=9 insize=5538 outsize=5538 ok=1
Cmd: disassembleShader
  api=9 insize=5626 outsize=5626 ok=1
Cmd: disassembleShader
  api=9 insize=6519 outsize=6519 ok=1
Cmd: disassembleShader
  api=9 insize=6682 outsize=6682 ok=1
Cmd: disassembleShader
  api=9 insize=5845 outsize=5845 ok=1
Cmd: disassembleShader
  api=9 insize=6738 outsize=6738 ok=1
Cmd: disassembleShader
  api=9 insize=6901 outsize=6901 ok=1
Cmd: disassembleShader
  api=9 insize=4333 outsize=4333 ok=1
Cmd: disassembleShader
  api=9 insize=5199 outsize=5199 ok=1
Cmd: disassembleShader
  api=9 insize=5366 outsize=5366 ok=1
Cmd: disassembleShader
  api=9 insize=4552 outsize=4552 ok=1
Cmd: disassembleShader
  api=9 insize=5418 outsize=5418 ok=1
Cmd: disassembleShader
  api=9 insize=5585 outsize=5585 ok=1
Cmd: disassembleShader
  api=9 insize=4286 outsize=4286 ok=1
Cmd: disassembleShader
  api=9 insize=5152 outsize=5152 ok=1
Cmd: disassembleShader
  api=9 insize=5319 outsize=5319 ok=1
Cmd: disassembleShader
  api=9 insize=5681 outsize=5681 ok=1
Cmd: disassembleShader
  api=9 insize=6551 outsize=6551 ok=1
Cmd: disassembleShader
  api=9 insize=6714 outsize=6714 ok=1
Cmd: disassembleShader
  api=9 insize=6731 outsize=6731 ok=1
Cmd: disassembleShader
  api=9 insize=7615 outsize=7615 ok=1
Cmd: disassembleShader
  api=9 insize=7778 outsize=7778 ok=1
Cmd: disassembleShader
  api=9 insize=6949 outsize=6949 ok=1
Cmd: disassembleShader
  api=9 insize=7833 outsize=7833 ok=1
Cmd: disassembleShader
  api=9 insize=7996 outsize=7996 ok=1
Cmd: disassembleShader
  api=9 insize=5485 outsize=5485 ok=1
Cmd: disassembleShader
  api=9 insize=6355 outsize=6355 ok=1
Cmd: disassembleShader
  api=9 insize=6518 outsize=6518 ok=1
Cmd: disassembleShader
  api=9 insize=5703 outsize=5703 ok=1
Cmd: disassembleShader
  api=9 insize=6573 outsize=6573 ok=1
Cmd: disassembleShader
  api=9 insize=6736 outsize=6736 ok=1
Cmd: disassembleShader
  api=9 insize=5463 outsize=5463 ok=1
Cmd: disassembleShader
  api=9 insize=6333 outsize=6333 ok=1
Cmd: disassembleShader
  api=9 insize=6496 outsize=6496 ok=1
Cmd: disassembleShader
  api=9 insize=4514 outsize=4514 ok=1
Cmd: disassembleShader
  api=9 insize=5380 outsize=5380 ok=1
Cmd: disassembleShader
  api=9 insize=5547 outsize=5547 ok=1
Cmd: disassembleShader
  api=9 insize=5626 outsize=5626 ok=1
Cmd: disassembleShader
  api=9 insize=6519 outsize=6519 ok=1
Cmd: disassembleShader
  api=9 insize=6682 outsize=6682 ok=1
Cmd: disassembleShader
  api=9 insize=5854 outsize=5854 ok=1
Cmd: disassembleShader
  api=9 insize=6747 outsize=6747 ok=1
Cmd: disassembleShader
  api=9 insize=6910 outsize=6910 ok=1
Cmd: disassembleShader
  api=9 insize=4333 outsize=4333 ok=1
Cmd: disassembleShader
  api=9 insize=5199 outsize=5199 ok=1
Cmd: disassembleShader
  api=9 insize=5366 outsize=5366 ok=1
Cmd: disassembleShader
  api=9 insize=4561 outsize=4561 ok=1
Cmd: disassembleShader
  api=9 insize=5427 outsize=5427 ok=1
Cmd: disassembleShader
  api=9 insize=5594 outsize=5594 ok=1
Cmd: disassembleShader
  api=9 insize=0 outsize=57 ok=1
Cmd: initializeCompiler
Cmd: initializeCompiler
Cmd: initializeCompiler
Unhandled exception: Protocol error - unexpected end of data (did the Editor crash?)

Quitting shader compiler process
