Base path: /home/mati/Unity/Hub/Editor/2018.4.27f1/Editor/Data
Cmd: initializeCompiler
Cmd: disassembleShader
  api=9 insize=8068 outsize=8068 ok=1
Cmd: disassembleShader
  api=9 insize=8934 outsize=8934 ok=1
Cmd: disassembleShader
  api=9 insize=9101 outsize=9101 ok=1
Cmd: disassembleShader
  api=9 insize=9471 outsize=9471 ok=1
Cmd: disassembleShader
  api=9 insize=10341 outsize=10341 ok=1
Cmd: disassembleShader
  api=9 insize=10504 outsize=10504 ok=1
Cmd: disassembleShader
  api=9 insize=10580 outsize=10580 ok=1
Cmd: disassembleShader
  api=9 insize=11464 outsize=11464 ok=1
Cmd: disassembleShader
  api=9 insize=11627 outsize=11627 ok=1
Cmd: disassembleShader
  api=9 insize=10761 outsize=10761 ok=1
Cmd: disassembleShader
  api=9 insize=11645 outsize=11645 ok=1
Cmd: disassembleShader
  api=9 insize=11808 outsize=11808 ok=1
Cmd: disassembleShader
  api=9 insize=9353 outsize=9353 ok=1
Cmd: disassembleShader
  api=9 insize=10223 outsize=10223 ok=1
Cmd: disassembleShader
  api=9 insize=10386 outsize=10386 ok=1
Cmd: disassembleShader
  api=9 insize=9534 outsize=9534 ok=1
Cmd: disassembleShader
  api=9 insize=10404 outsize=10404 ok=1
Cmd: disassembleShader
  api=9 insize=10567 outsize=10567 ok=1
Cmd: disassembleShader
  api=9 insize=9290 outsize=9290 ok=1
Cmd: disassembleShader
  api=9 insize=10160 outsize=10160 ok=1
Cmd: disassembleShader
  api=9 insize=10323 outsize=10323 ok=1
Cmd: disassembleShader
  api=9 insize=10120 outsize=10120 ok=1
Cmd: disassembleShader
  api=9 insize=11625 outsize=11625 ok=1
Cmd: disassembleShader
  api=9 insize=11805 outsize=11805 ok=1
Cmd: disassembleShader
  api=9 insize=11304 outsize=11304 ok=1
Cmd: disassembleShader
  api=9 insize=12836 outsize=12836 ok=1
Cmd: disassembleShader
  api=9 insize=13012 outsize=13012 ok=1
Cmd: disassembleShader
  api=9 insize=11492 outsize=11492 ok=1
Cmd: disassembleShader
  api=9 insize=13024 outsize=13024 ok=1
Cmd: disassembleShader
  api=9 insize=13200 outsize=13200 ok=1
Cmd: disassembleShader
  api=9 insize=10039 outsize=10039 ok=1
Cmd: disassembleShader
  api=9 insize=11544 outsize=11544 ok=1
Cmd: disassembleShader
  api=9 insize=11724 outsize=11724 ok=1
Cmd: disassembleShader
  api=9 insize=10245 outsize=10245 ok=1
Cmd: disassembleShader
  api=9 insize=11750 outsize=11750 ok=1
Cmd: disassembleShader
  api=9 insize=11930 outsize=11930 ok=1
Cmd: disassembleShader
  api=9 insize=9914 outsize=9914 ok=1
Cmd: disassembleShader
  api=9 insize=11419 outsize=11419 ok=1
Cmd: disassembleShader
  api=9 insize=11599 outsize=11599 ok=1
Cmd: disassembleShader
  api=9 insize=11258 outsize=11258 ok=1
Cmd: disassembleShader
  api=9 insize=12767 outsize=12767 ok=1
Cmd: disassembleShader
  api=9 insize=12943 outsize=12943 ok=1
Cmd: disassembleShader
  api=9 insize=12370 outsize=12370 ok=1
Cmd: disassembleShader
  api=9 insize=13893 outsize=13893 ok=1
Cmd: disassembleShader
  api=9 insize=14069 outsize=14069 ok=1
Cmd: disassembleShader
  api=9 insize=12551 outsize=12551 ok=1
Cmd: disassembleShader
  api=9 insize=14074 outsize=14074 ok=1
Cmd: disassembleShader
  api=9 insize=14250 outsize=14250 ok=1
Cmd: disassembleShader
  api=9 insize=11183 outsize=11183 ok=1
Cmd: disassembleShader
  api=9 insize=12692 outsize=12692 ok=1
Cmd: disassembleShader
  api=9 insize=12868 outsize=12868 ok=1
Cmd: disassembleShader
  api=9 insize=11364 outsize=11364 ok=1
Cmd: disassembleShader
  api=9 insize=12873 outsize=12873 ok=1
Cmd: disassembleShader
  api=9 insize=13049 outsize=13049 ok=1
Cmd: disassembleShader
  api=9 insize=11077 outsize=11077 ok=1
Cmd: disassembleShader
  api=9 insize=12586 outsize=12586 ok=1
Cmd: disassembleShader
  api=9 insize=12762 outsize=12762 ok=1
Cmd: disassembleShader
  api=9 insize=8274 outsize=8274 ok=1
Cmd: disassembleShader
  api=9 insize=9140 outsize=9140 ok=1
Cmd: disassembleShader
  api=9 insize=9307 outsize=9307 ok=1
Cmd: disassembleShader
  api=9 insize=9420 outsize=9420 ok=1
Cmd: disassembleShader
  api=9 insize=10313 outsize=10313 ok=1
Cmd: disassembleShader
  api=9 insize=10476 outsize=10476 ok=1
Cmd: disassembleShader
  api=9 insize=9601 outsize=9601 ok=1
Cmd: disassembleShader
  api=9 insize=10494 outsize=10494 ok=1
Cmd: disassembleShader
  api=9 insize=10657 outsize=10657 ok=1
Cmd: disassembleShader
  api=9 insize=8173 outsize=8173 ok=1
Cmd: disassembleShader
  api=9 insize=9039 outsize=9039 ok=1
Cmd: disassembleShader
  api=9 insize=9206 outsize=9206 ok=1
Cmd: disassembleShader
  api=9 insize=8379 outsize=8379 ok=1
Cmd: disassembleShader
  api=9 insize=9245 outsize=9245 ok=1
Cmd: disassembleShader
  api=9 insize=9412 outsize=9412 ok=1
Cmd: disassembleShader
  api=9 insize=8068 outsize=8068 ok=1
Cmd: disassembleShader
  api=9 insize=8934 outsize=8934 ok=1
Cmd: disassembleShader
  api=9 insize=9101 outsize=9101 ok=1
Cmd: disassembleShader
  api=9 insize=10802 outsize=10802 ok=1
Cmd: disassembleShader
  api=9 insize=11672 outsize=11672 ok=1
Cmd: disassembleShader
  api=9 insize=11835 outsize=11835 ok=1
Cmd: disassembleShader
  api=9 insize=11935 outsize=11935 ok=1
Cmd: disassembleShader
  api=9 insize=12805 outsize=12805 ok=1
Cmd: disassembleShader
  api=9 insize=12982 outsize=12982 ok=1
Cmd: disassembleShader
  api=9 insize=12116 outsize=12116 ok=1
Cmd: disassembleShader
  api=9 insize=12986 outsize=12986 ok=1
Cmd: disassembleShader
  api=9 insize=13163 outsize=13163 ok=1
Cmd: disassembleShader
  api=9 insize=10684 outsize=10684 ok=1
Cmd: disassembleShader
  api=9 insize=11554 outsize=11554 ok=1
Cmd: disassembleShader
  api=9 insize=11717 outsize=11717 ok=1
Cmd: disassembleShader
  api=9 insize=10865 outsize=10865 ok=1
Cmd: disassembleShader
  api=9 insize=11735 outsize=11735 ok=1
Cmd: disassembleShader
  api=9 insize=11898 outsize=11898 ok=1
Cmd: disassembleShader
  api=9 insize=10621 outsize=10621 ok=1
Cmd: disassembleShader
  api=9 insize=11491 outsize=11491 ok=1
Cmd: disassembleShader
  api=9 insize=11654 outsize=11654 ok=1
Cmd: disassembleShader
  api=9 insize=10120 outsize=10120 ok=1
Cmd: disassembleShader
  api=9 insize=11625 outsize=11625 ok=1
Cmd: disassembleShader
  api=9 insize=11805 outsize=11805 ok=1
Cmd: disassembleShader
  api=9 insize=11304 outsize=11304 ok=1
Cmd: disassembleShader
  api=9 insize=12836 outsize=12836 ok=1
Cmd: disassembleShader
  api=9 insize=13012 outsize=13012 ok=1
Cmd: disassembleShader
  api=9 insize=11492 outsize=11492 ok=1
Cmd: disassembleShader
  api=9 insize=13024 outsize=13024 ok=1
Cmd: disassembleShader
  api=9 insize=13200 outsize=13200 ok=1
Cmd: disassembleShader
  api=9 insize=8631 outsize=8631 ok=1
Cmd: disassembleShader
  api=9 insize=11544 outsize=11544 ok=1
Cmd: disassembleShader
  api=9 insize=7980 outsize=7980 ok=1
Cmd: disassembleShader
  api=9 insize=8864 outsize=8864 ok=1
Cmd: disassembleShader
  api=9 insize=8911 outsize=8911 ok=1
Cmd: disassembleShader
  api=9 insize=11930 outsize=11930 ok=1
Cmd: disassembleShader
  api=9 insize=8496 outsize=8496 ok=1
Cmd: disassembleShader
  api=9 insize=8543 outsize=8543 ok=1
Cmd: disassembleShader
  api=9 insize=10307 outsize=10307 ok=1
Cmd: disassembleShader
  api=9 insize=11199 outsize=11199 ok=1
Cmd: disassembleShader
  api=9 insize=11323 outsize=11323 ok=1
Cmd: disassembleShader
  api=9 insize=11896 outsize=11896 ok=1
Cmd: disassembleShader
  api=9 insize=12788 outsize=12788 ok=1
Cmd: disassembleShader
  api=9 insize=12916 outsize=12916 ok=1
Cmd: disassembleShader
  api=9 insize=12121 outsize=12121 ok=1
Cmd: disassembleShader
  api=9 insize=13013 outsize=13013 ok=1
Cmd: disassembleShader
  api=9 insize=13141 outsize=13141 ok=1
Cmd: disassembleShader
  api=9 insize=15605 outsize=15605 ok=1
Cmd: disassembleShader
  api=9 insize=12514 outsize=12514 ok=1
Cmd: disassembleShader
  api=9 insize=11230 outsize=11230 ok=1
Cmd: disassembleShader
  api=9 insize=10447 outsize=10447 ok=1
Cmd: disassembleShader
  api=9 insize=11339 outsize=11339 ok=1
Cmd: disassembleShader
  api=9 insize=14204 outsize=14204 ok=1
Cmd: disassembleShader
  api=9 insize=14380 outsize=14380 ok=1
Cmd: disassembleShader
  api=9 insize=12408 outsize=12408 ok=1
Cmd: disassembleShader
  api=9 insize=13917 outsize=13917 ok=1
Cmd: disassembleShader
  api=9 insize=14093 outsize=14093 ok=1
Cmd: disassembleShader
  api=9 insize=8274 outsize=8274 ok=1
Cmd: disassembleShader
  api=9 insize=9140 outsize=9140 ok=1
Cmd: disassembleShader
  api=9 insize=9307 outsize=9307 ok=1
Cmd: disassembleShader
  api=9 insize=9420 outsize=9420 ok=1
Cmd: disassembleShader
  api=9 insize=10313 outsize=10313 ok=1
Cmd: disassembleShader
  api=9 insize=10476 outsize=10476 ok=1
Cmd: disassembleShader
  api=9 insize=9587 outsize=9587 ok=1
Cmd: disassembleShader
  api=9 insize=10494 outsize=10494 ok=1
Cmd: disassembleShader
  api=9 insize=6770 outsize=6770 ok=1
Cmd: disassembleShader
  api=9 insize=7659 outsize=7659 ok=1
Cmd: disassembleShader
  api=9 insize=7722 outsize=7722 ok=1
Cmd: disassembleShader
  api=9 insize=6999 outsize=6999 ok=1
Cmd: disassembleShader
  api=9 insize=7888 outsize=7888 ok=1
Cmd: disassembleShader
  api=9 insize=9245 outsize=9245 ok=1
Cmd: disassembleShader
  api=9 insize=9412 outsize=9412 ok=1
Cmd: disassembleShader
  api=9 insize=0 outsize=57 ok=1
Cmd: disassembleShader
  api=9 insize=0 outsize=57 ok=1
Cmd: disassembleShader
  api=9 insize=0 outsize=57 ok=1
Cmd: disassembleShader
  api=9 insize=0 outsize=57 ok=1
Cmd: disassembleShader
  api=9 insize=0 outsize=57 ok=1
Cmd: disassembleShader
  api=9 insize=0 outsize=57 ok=1
Cmd: disassembleShader
  api=9 insize=0 outsize=57 ok=1
Cmd: disassembleShader
  api=9 insize=0 outsize=57 ok=1
Cmd: disassembleShader
  api=9 insize=0 outsize=57 ok=1
Cmd: disassembleShader
  api=9 insize=0 outsize=57 ok=1
Cmd: disassembleShader
  api=9 insize=0 outsize=57 ok=1
Cmd: disassembleShader
  api=9 insize=0 outsize=57 ok=1
Cmd: disassembleShader
  api=9 insize=0 outsize=57 ok=1
Cmd: disassembleShader
  api=9 insize=0 outsize=57 ok=1
Cmd: disassembleShader
  api=9 insize=0 outsize=57 ok=1
Cmd: disassembleShader
  api=9 insize=0 outsize=57 ok=1
Cmd: disassembleShader
  api=9 insize=0 outsize=57 ok=1
Cmd: disassembleShader
  api=9 insize=0 outsize=57 ok=1
Cmd: disassembleShader
  api=9 insize=0 outsize=57 ok=1
Cmd: disassembleShader
  api=9 insize=0 outsize=57 ok=1
Cmd: disassembleShader
  api=9 insize=0 outsize=57 ok=1
Cmd: disassembleShader
  api=9 insize=0 outsize=57 ok=1
Cmd: disassembleShader
  api=9 insize=0 outsize=57 ok=1
Cmd: disassembleShader
  api=9 insize=0 outsize=57 ok=1
Cmd: disassembleShader
  api=9 insize=0 outsize=57 ok=1
Cmd: disassembleShader
  api=9 insize=0 outsize=57 ok=1
Cmd: disassembleShader
  api=9 insize=0 outsize=57 ok=1
Cmd: disassembleShader
  api=9 insize=0 outsize=57 ok=1
Cmd: disassembleShader
  api=9 insize=0 outsize=57 ok=1
Cmd: disassembleShader
  api=9 insize=0 outsize=57 ok=1
Cmd: disassembleShader
  api=9 insize=0 outsize=57 ok=1
Cmd: disassembleShader
  api=9 insize=0 outsize=57 ok=1
Cmd: disassembleShader
  api=9 insize=0 outsize=57 ok=1
Cmd: disassembleShader
  api=9 insize=0 outsize=57 ok=1
Cmd: disassembleShader
  api=9 insize=0 outsize=57 ok=1
Cmd: disassembleShader
  api=9 insize=0 outsize=57 ok=1
Cmd: disassembleShader
  api=9 insize=0 outsize=57 ok=1
Cmd: disassembleShader
  api=9 insize=0 outsize=57 ok=1
Cmd: disassembleShader
  api=9 insize=0 outsize=57 ok=1
Cmd: disassembleShader
  api=9 insize=0 outsize=57 ok=1
Cmd: disassembleShader
  api=9 insize=0 outsize=57 ok=1
Cmd: disassembleShader
  api=9 insize=0 outsize=57 ok=1
Cmd: disassembleShader
  api=9 insize=0 outsize=57 ok=1
Cmd: disassembleShader
  api=9 insize=0 outsize=57 ok=1
Cmd: disassembleShader
  api=9 insize=0 outsize=57 ok=1
Cmd: disassembleShader
  api=9 insize=0 outsize=57 ok=1
Cmd: disassembleShader
  api=9 insize=0 outsize=57 ok=1
Cmd: disassembleShader
  api=9 insize=0 outsize=57 ok=1
Cmd: disassembleShader
  api=9 insize=0 outsize=57 ok=1
Cmd: disassembleShader
  api=9 insize=0 outsize=57 ok=1
Cmd: disassembleShader
  api=9 insize=0 outsize=57 ok=1
Cmd: disassembleShader
  api=9 insize=0 outsize=57 ok=1
Cmd: disassembleShader
  api=9 insize=0 outsize=57 ok=1
Cmd: disassembleShader
  api=9 insize=0 outsize=57 ok=1
Cmd: disassembleShader
  api=9 insize=0 outsize=57 ok=1
Cmd: disassembleShader
  api=9 insize=0 outsize=57 ok=1
Cmd: disassembleShader
  api=9 insize=0 outsize=57 ok=1
Cmd: disassembleShader
  api=9 insize=0 outsize=57 ok=1
Cmd: disassembleShader
  api=9 insize=0 outsize=57 ok=1
Cmd: disassembleShader
  api=9 insize=0 outsize=57 ok=1
Cmd: disassembleShader
  api=9 insize=0 outsize=57 ok=1
Cmd: disassembleShader
  api=9 insize=0 outsize=57 ok=1
Cmd: disassembleShader
  api=9 insize=0 outsize=57 ok=1
Cmd: disassembleShader
  api=9 insize=0 outsize=57 ok=1
Cmd: disassembleShader
  api=9 insize=0 outsize=57 ok=1
Cmd: disassembleShader
  api=9 insize=0 outsize=57 ok=1
Cmd: disassembleShader
  api=9 insize=0 outsize=57 ok=1
Cmd: disassembleShader
  api=9 insize=0 outsize=57 ok=1
Cmd: disassembleShader
  api=9 insize=0 outsize=57 ok=1
Cmd: disassembleShader
  api=9 insize=0 outsize=57 ok=1
Cmd: disassembleShader
  api=9 insize=0 outsize=57 ok=1
Cmd: disassembleShader
  api=9 insize=0 outsize=57 ok=1
Cmd: disassembleShader
  api=9 insize=7074 outsize=7074 ok=1
Cmd: disassembleShader
  api=9 insize=7958 outsize=7958 ok=1
Cmd: disassembleShader
  api=9 insize=8021 outsize=8021 ok=1
Cmd: disassembleShader
  api=9 insize=7179 outsize=7179 ok=1
Cmd: disassembleShader
  api=9 insize=8049 outsize=8049 ok=1
Cmd: disassembleShader
  api=9 insize=8128 outsize=8128 ok=1
Cmd: disassembleShader
  api=9 insize=5964 outsize=5964 ok=1
Cmd: disassembleShader
  api=9 insize=6844 outsize=6844 ok=1
Cmd: disassembleShader
  api=9 insize=6913 outsize=6913 ok=1
Cmd: disassembleShader
  api=9 insize=5824 outsize=5824 ok=1
Cmd: disassembleShader
  api=9 insize=6704 outsize=6704 ok=1
Cmd: disassembleShader
  api=9 insize=6773 outsize=6773 ok=1
Cmd: disassembleShader
  api=9 insize=8786 outsize=8786 ok=1
Cmd: disassembleShader
  api=9 insize=9656 outsize=9656 ok=1
Cmd: disassembleShader
  api=9 insize=9749 outsize=9749 ok=1
Cmd: disassembleShader
  api=9 insize=7601 outsize=7601 ok=1
Cmd: disassembleShader
  api=9 insize=8485 outsize=8485 ok=1
Cmd: disassembleShader
  api=9 insize=8548 outsize=8548 ok=1
Cmd: disassembleShader
  api=9 insize=7488 outsize=7488 ok=1
Cmd: disassembleShader
  api=9 insize=8372 outsize=8372 ok=1
Cmd: disassembleShader
  api=9 insize=8435 outsize=8435 ok=1
Cmd: disassembleShader
  api=9 insize=8582 outsize=8582 ok=1
Cmd: disassembleShader
  api=9 insize=9452 outsize=9452 ok=1
Cmd: disassembleShader
  api=9 insize=9545 outsize=9545 ok=1
Cmd: disassembleShader
  api=9 insize=7389 outsize=7389 ok=1
Cmd: disassembleShader
  api=9 insize=8273 outsize=8273 ok=1
Cmd: disassembleShader
  api=9 insize=8336 outsize=8336 ok=1
Cmd: disassembleShader
  api=9 insize=7227 outsize=7227 ok=1
Cmd: disassembleShader
  api=9 insize=8111 outsize=8111 ok=1
Cmd: disassembleShader
  api=9 insize=8174 outsize=8174 ok=1
Cmd: disassembleShader
  api=9 insize=8214 outsize=8214 ok=1
Cmd: disassembleShader
  api=9 insize=9084 outsize=9084 ok=1
Cmd: disassembleShader
  api=9 insize=9177 outsize=9177 ok=1
Cmd: disassembleShader
  api=9 insize=7032 outsize=7032 ok=1
Cmd: disassembleShader
  api=9 insize=7916 outsize=7916 ok=1
Cmd: disassembleShader
  api=9 insize=7979 outsize=7979 ok=1
Cmd: disassembleShader
  api=9 insize=6864 outsize=6864 ok=1
Cmd: disassembleShader
  api=9 insize=7748 outsize=7748 ok=1
Cmd: disassembleShader
  api=9 insize=7811 outsize=7811 ok=1
Cmd: disassembleShader
  api=9 insize=10754 outsize=10754 ok=1
Cmd: disassembleShader
  api=9 insize=12263 outsize=12263 ok=1
Cmd: disassembleShader
  api=9 insize=12369 outsize=12369 ok=1
Cmd: disassembleShader
  api=9 insize=9520 outsize=9520 ok=1
Cmd: disassembleShader
  api=9 insize=11043 outsize=11043 ok=1
Cmd: disassembleShader
  api=9 insize=11119 outsize=11119 ok=1
Cmd: disassembleShader
  api=9 insize=9407 outsize=9407 ok=1
Cmd: disassembleShader
  api=9 insize=10930 outsize=10930 ok=1
Cmd: disassembleShader
  api=9 insize=11006 outsize=11006 ok=1
Cmd: disassembleShader
  api=9 insize=11390 outsize=11390 ok=1
Cmd: disassembleShader
  api=9 insize=12899 outsize=12899 ok=1
Cmd: disassembleShader
  api=9 insize=13005 outsize=13005 ok=1
Cmd: disassembleShader
  api=9 insize=10153 outsize=10153 ok=1
Cmd: disassembleShader
  api=9 insize=11676 outsize=11676 ok=1
Cmd: disassembleShader
  api=9 insize=11752 outsize=11752 ok=1
Cmd: disassembleShader
  api=9 insize=10040 outsize=10040 ok=1
Cmd: disassembleShader
  api=9 insize=8951 outsize=8951 ok=1
Cmd: disassembleShader
  api=9 insize=9030 outsize=9030 ok=1
Cmd: disassembleShader
  api=9 insize=7231 outsize=7231 ok=1
Cmd: disassembleShader
  api=9 insize=8101 outsize=8101 ok=1
Cmd: disassembleShader
  api=9 insize=8180 outsize=8180 ok=1
Cmd: disassembleShader
  api=9 insize=5876 outsize=5876 ok=1
Cmd: disassembleShader
  api=9 insize=6765 outsize=6765 ok=1
Cmd: disassembleShader
  api=9 insize=6844 outsize=6844 ok=1
Cmd: disassembleShader
  api=9 insize=5751 outsize=5751 ok=1
Cmd: disassembleShader
  api=9 insize=6640 outsize=6640 ok=1
Cmd: disassembleShader
  api=9 insize=6719 outsize=6719 ok=1
Cmd: disassembleShader
  api=9 insize=8226 outsize=8226 ok=1
Cmd: disassembleShader
  api=9 insize=9096 outsize=9096 ok=1
Cmd: disassembleShader
  api=9 insize=9175 outsize=9175 ok=1
Cmd: disassembleShader
  api=9 insize=6864 outsize=6864 ok=1
Cmd: disassembleShader
  api=9 insize=7748 outsize=7748 ok=1
Cmd: disassembleShader
  api=9 insize=7827 outsize=7827 ok=1
Cmd: disassembleShader
  api=9 insize=6756 outsize=6756 ok=1
Cmd: disassembleShader
  api=9 insize=7640 outsize=7640 ok=1
Cmd: disassembleShader
  api=9 insize=7719 outsize=7719 ok=1
Cmd: disassembleShader
  api=9 insize=8461 outsize=8461 ok=1
Cmd: disassembleShader
  api=9 insize=9331 outsize=9331 ok=1
Cmd: disassembleShader
  api=9 insize=9410 outsize=9410 ok=1
Cmd: disassembleShader
  api=9 insize=7113 outsize=7113 ok=1
Cmd: disassembleShader
  api=9 insize=7983 outsize=7983 ok=1
Cmd: disassembleShader
  api=9 insize=8062 outsize=8062 ok=1
Cmd: disassembleShader
  api=9 insize=7003 outsize=7003 ok=1
Cmd: disassembleShader
  api=9 insize=7873 outsize=7873 ok=1
Cmd: disassembleShader
  api=9 insize=7952 outsize=7952 ok=1
Cmd: disassembleShader
  api=9 insize=9146 outsize=9146 ok=1
Cmd: disassembleShader
  api=9 insize=10016 outsize=10016 ok=1
Cmd: disassembleShader
  api=9 insize=10095 outsize=10095 ok=1
Cmd: disassembleShader
  api=9 insize=7815 outsize=7815 ok=1
Cmd: disassembleShader
  api=9 insize=8685 outsize=8685 ok=1
Cmd: disassembleShader
  api=9 insize=8764 outsize=8764 ok=1
Cmd: disassembleShader
  api=9 insize=7708 outsize=7708 ok=1
Cmd: disassembleShader
  api=9 insize=8578 outsize=8578 ok=1
Cmd: disassembleShader
  api=9 insize=8657 outsize=8657 ok=1
Cmd: disassembleShader
  api=9 insize=8614 outsize=8614 ok=1
Cmd: disassembleShader
  api=9 insize=9484 outsize=9484 ok=1
Cmd: disassembleShader
  api=9 insize=9563 outsize=9563 ok=1
Cmd: disassembleShader
  api=9 insize=7266 outsize=7266 ok=1
Cmd: disassembleShader
  api=9 insize=8136 outsize=8136 ok=1
Cmd: disassembleShader
  api=9 insize=8215 outsize=8215 ok=1
Cmd: disassembleShader
  api=9 insize=7156 outsize=7156 ok=1
Cmd: disassembleShader
  api=9 insize=8026 outsize=8026 ok=1
Cmd: disassembleShader
  api=9 insize=8105 outsize=8105 ok=1
Cmd: disassembleShader
  api=9 insize=9299 outsize=9299 ok=1
Cmd: disassembleShader
  api=9 insize=10169 outsize=10169 ok=1
Cmd: disassembleShader
  api=9 insize=10248 outsize=10248 ok=1
Cmd: disassembleShader
  api=9 insize=7968 outsize=7968 ok=1
Cmd: disassembleShader
  api=9 insize=8838 outsize=8838 ok=1
Cmd: disassembleShader
  api=9 insize=8917 outsize=8917 ok=1
Cmd: disassembleShader
  api=9 insize=7861 outsize=7861 ok=1
Cmd: disassembleShader
  api=9 insize=8731 outsize=8731 ok=1
Cmd: disassembleShader
  api=9 insize=8810 outsize=8810 ok=1
Cmd: disassembleShader
  api=9 insize=7535 outsize=7535 ok=1
Cmd: disassembleShader
  api=9 insize=8405 outsize=8405 ok=1
Cmd: disassembleShader
  api=9 insize=8484 outsize=8484 ok=1
Cmd: disassembleShader
  api=9 insize=6165 outsize=6165 ok=1
Cmd: disassembleShader
  api=9 insize=7035 outsize=7035 ok=1
Cmd: disassembleShader
  api=9 insize=7114 outsize=7114 ok=1
Cmd: disassembleShader
  api=9 insize=0 outsize=57 ok=1
Cmd: disassembleShader
  api=9 insize=0 outsize=57 ok=1
Cmd: disassembleShader
  api=9 insize=0 outsize=57 ok=1
Cmd: disassembleShader
  api=9 insize=0 outsize=57 ok=1
Cmd: disassembleShader
  api=9 insize=0 outsize=57 ok=1
Cmd: disassembleShader
  api=9 insize=0 outsize=57 ok=1
Cmd: disassembleShader
  api=9 insize=0 outsize=57 ok=1
Cmd: disassembleShader
  api=9 insize=0 outsize=57 ok=1
Cmd: disassembleShader
  api=9 insize=0 outsize=57 ok=1
Cmd: disassembleShader
  api=9 insize=0 outsize=57 ok=1
Cmd: disassembleShader
  api=9 insize=0 outsize=57 ok=1
Cmd: disassembleShader
  api=9 insize=0 outsize=57 ok=1
Cmd: disassembleShader
  api=9 insize=0 outsize=57 ok=1
Cmd: disassembleShader
  api=9 insize=0 outsize=57 ok=1
Cmd: disassembleShader
  api=9 insize=0 outsize=57 ok=1
Cmd: disassembleShader
  api=9 insize=0 outsize=57 ok=1
Cmd: disassembleShader
  api=9 insize=0 outsize=57 ok=1
Cmd: disassembleShader
  api=9 insize=0 outsize=57 ok=1
Cmd: disassembleShader
  api=9 insize=0 outsize=57 ok=1
Cmd: disassembleShader
  api=9 insize=0 outsize=57 ok=1
Cmd: disassembleShader
  api=9 insize=0 outsize=57 ok=1
Cmd: disassembleShader
  api=9 insize=0 outsize=57 ok=1
Cmd: disassembleShader
  api=9 insize=0 outsize=57 ok=1
Cmd: disassembleShader
  api=9 insize=0 outsize=57 ok=1
Cmd: disassembleShader
  api=9 insize=0 outsize=57 ok=1
Cmd: disassembleShader
  api=9 insize=0 outsize=57 ok=1
Cmd: disassembleShader
  api=9 insize=0 outsize=57 ok=1
Cmd: disassembleShader
  api=9 insize=0 outsize=57 ok=1
Cmd: disassembleShader
  api=9 insize=0 outsize=57 ok=1
Cmd: disassembleShader
  api=9 insize=0 outsize=57 ok=1
Cmd: disassembleShader
  api=9 insize=0 outsize=57 ok=1
Cmd: disassembleShader
  api=9 insize=0 outsize=57 ok=1
Cmd: disassembleShader
  api=9 insize=0 outsize=57 ok=1
Cmd: disassembleShader
  api=9 insize=0 outsize=57 ok=1
Cmd: disassembleShader
  api=9 insize=0 outsize=57 ok=1
Cmd: disassembleShader
  api=9 insize=0 outsize=57 ok=1
Cmd: disassembleShader
  api=9 insize=0 outsize=57 ok=1
Cmd: disassembleShader
  api=9 insize=0 outsize=57 ok=1
Cmd: disassembleShader
  api=9 insize=0 outsize=57 ok=1
Cmd: disassembleShader
  api=9 insize=0 outsize=57 ok=1
Cmd: disassembleShader
  api=9 insize=0 outsize=57 ok=1
Cmd: disassembleShader
  api=9 insize=0 outsize=57 ok=1
Cmd: disassembleShader
  api=9 insize=0 outsize=57 ok=1
Cmd: disassembleShader
  api=9 insize=0 outsize=57 ok=1
Cmd: disassembleShader
  api=9 insize=0 outsize=57 ok=1
Cmd: disassembleShader
  api=9 insize=0 outsize=57 ok=1
Cmd: disassembleShader
  api=9 insize=0 outsize=57 ok=1
Cmd: disassembleShader
  api=9 insize=0 outsize=57 ok=1
Cmd: disassembleShader
  api=9 insize=0 outsize=57 ok=1
Cmd: disassembleShader
  api=9 insize=0 outsize=57 ok=1
Cmd: disassembleShader
  api=9 insize=0 outsize=57 ok=1
Cmd: disassembleShader
  api=9 insize=0 outsize=57 ok=1
Cmd: disassembleShader
  api=9 insize=0 outsize=57 ok=1
Cmd: disassembleShader
  api=9 insize=0 outsize=57 ok=1
Cmd: disassembleShader
  api=9 insize=0 outsize=57 ok=1
Cmd: disassembleShader
  api=9 insize=0 outsize=57 ok=1
Cmd: disassembleShader
  api=9 insize=0 outsize=57 ok=1
Cmd: disassembleShader
  api=9 insize=0 outsize=57 ok=1
Cmd: disassembleShader
  api=9 insize=0 outsize=57 ok=1
Cmd: disassembleShader
  api=9 insize=0 outsize=57 ok=1
Cmd: disassembleShader
  api=9 insize=0 outsize=57 ok=1
Cmd: disassembleShader
  api=9 insize=0 outsize=57 ok=1
Cmd: disassembleShader
  api=9 insize=0 outsize=57 ok=1
Cmd: disassembleShader
  api=9 insize=0 outsize=57 ok=1
Cmd: disassembleShader
  api=9 insize=0 outsize=57 ok=1
Cmd: disassembleShader
  api=9 insize=0 outsize=57 ok=1
Cmd: disassembleShader
  api=9 insize=0 outsize=57 ok=1
Cmd: disassembleShader
  api=9 insize=0 outsize=57 ok=1
Cmd: disassembleShader
  api=9 insize=0 outsize=57 ok=1
Cmd: disassembleShader
  api=9 insize=0 outsize=57 ok=1
Cmd: disassembleShader
  api=9 insize=0 outsize=57 ok=1
Cmd: disassembleShader
  api=9 insize=0 outsize=57 ok=1
Cmd: disassembleShader
  api=9 insize=0 outsize=57 ok=1
Cmd: disassembleShader
  api=9 insize=0 outsize=57 ok=1
Cmd: disassembleShader
  api=9 insize=0 outsize=57 ok=1
Cmd: disassembleShader
  api=9 insize=0 outsize=57 ok=1
Cmd: disassembleShader
  api=9 insize=0 outsize=57 ok=1
Cmd: disassembleShader
  api=9 insize=0 outsize=57 ok=1
Cmd: disassembleShader
  api=9 insize=0 outsize=57 ok=1
Cmd: disassembleShader
  api=9 insize=0 outsize=57 ok=1
Cmd: disassembleShader
  api=9 insize=0 outsize=57 ok=1
Cmd: disassembleShader
  api=9 insize=0 outsize=57 ok=1
Cmd: disassembleShader
  api=9 insize=0 outsize=57 ok=1
Cmd: disassembleShader
  api=9 insize=0 outsize=57 ok=1
Cmd: disassembleShader
  api=9 insize=0 outsize=57 ok=1
Cmd: disassembleShader
  api=9 insize=0 outsize=57 ok=1
Cmd: disassembleShader
  api=9 insize=0 outsize=57 ok=1
Cmd: disassembleShader
  api=9 insize=0 outsize=57 ok=1
Cmd: disassembleShader
  api=9 insize=0 outsize=57 ok=1
Cmd: disassembleShader
  api=9 insize=0 outsize=57 ok=1
Cmd: disassembleShader
  api=9 insize=0 outsize=57 ok=1
Cmd: disassembleShader
  api=9 insize=0 outsize=57 ok=1
Cmd: disassembleShader
  api=9 insize=0 outsize=57 ok=1
Cmd: disassembleShader
  api=9 insize=0 outsize=57 ok=1
Cmd: disassembleShader
  api=9 insize=0 outsize=57 ok=1
Cmd: disassembleShader
  api=9 insize=0 outsize=57 ok=1
Cmd: disassembleShader
  api=9 insize=0 outsize=57 ok=1
Cmd: disassembleShader
  api=9 insize=0 outsize=57 ok=1
Cmd: disassembleShader
  api=9 insize=0 outsize=57 ok=1
Cmd: disassembleShader
  api=9 insize=0 outsize=57 ok=1
Cmd: disassembleShader
  api=9 insize=0 outsize=57 ok=1
Cmd: disassembleShader
  api=9 insize=0 outsize=57 ok=1
Cmd: disassembleShader
  api=9 insize=0 outsize=57 ok=1
Cmd: disassembleShader
  api=9 insize=0 outsize=57 ok=1
Cmd: disassembleShader
  api=9 insize=0 outsize=57 ok=1
Cmd: disassembleShader
  api=9 insize=0 outsize=57 ok=1
Cmd: disassembleShader
  api=9 insize=0 outsize=57 ok=1
Cmd: disassembleShader
  api=9 insize=0 outsize=57 ok=1
Cmd: disassembleShader
  api=9 insize=0 outsize=57 ok=1
Cmd: disassembleShader
  api=9 insize=0 outsize=57 ok=1
Cmd: disassembleShader
  api=9 insize=0 outsize=57 ok=1
Cmd: disassembleShader
  api=9 insize=0 outsize=57 ok=1
Cmd: disassembleShader
  api=9 insize=0 outsize=57 ok=1
Cmd: disassembleShader
  api=9 insize=0 outsize=57 ok=1
Cmd: disassembleShader
  api=9 insize=0 outsize=57 ok=1
Cmd: disassembleShader
  api=9 insize=0 outsize=57 ok=1
Cmd: disassembleShader
  api=9 insize=0 outsize=57 ok=1
Cmd: disassembleShader
  api=9 insize=2629 outsize=2629 ok=1
Cmd: disassembleShader
  api=9 insize=3281 outsize=3281 ok=1
Cmd: disassembleShader
  api=9 insize=3573 outsize=3573 ok=1
Cmd: disassembleShader
  api=9 insize=3262 outsize=3262 ok=1
Cmd: disassembleShader
  api=9 insize=3914 outsize=3914 ok=1
Cmd: disassembleShader
  api=9 insize=4206 outsize=4206 ok=1
Cmd: disassembleShader
  api=9 insize=2402 outsize=2402 ok=1
Cmd: disassembleShader
  api=9 insize=3054 outsize=3054 ok=1
Cmd: disassembleShader
  api=9 insize=3346 outsize=3346 ok=1
Cmd: disassembleShader
  api=9 insize=3489 outsize=3489 ok=1
Cmd: disassembleShader
  api=9 insize=4141 outsize=4141 ok=1
Cmd: disassembleShader
  api=9 insize=4433 outsize=4433 ok=1
Cmd: disassembleShader
  api=9 insize=0 outsize=57 ok=1
Cmd: disassembleShader
  api=9 insize=0 outsize=57 ok=1
Cmd: disassembleShader
  api=9 insize=0 outsize=57 ok=1
Cmd: disassembleShader
  api=9 insize=0 outsize=57 ok=1
Cmd: disassembleShader
  api=9 insize=0 outsize=57 ok=1
Cmd: disassembleShader
  api=9 insize=0 outsize=57 ok=1
Cmd: disassembleShader
  api=9 insize=0 outsize=57 ok=1
Cmd: disassembleShader
  api=9 insize=0 outsize=57 ok=1
Cmd: disassembleShader
  api=9 insize=0 outsize=57 ok=1
Cmd: disassembleShader
  api=9 insize=0 outsize=57 ok=1
Cmd: disassembleShader
  api=9 insize=0 outsize=57 ok=1
Cmd: disassembleShader
  api=9 insize=0 outsize=57 ok=1
Cmd: disassembleShader
  api=9 insize=4286 outsize=4286 ok=1
Cmd: disassembleShader
  api=9 insize=5152 outsize=5152 ok=1
Cmd: disassembleShader
  api=9 insize=5319 outsize=5319 ok=1
Cmd: disassembleShader
  api=9 insize=5727 outsize=5727 ok=1
Cmd: disassembleShader
  api=9 insize=6597 outsize=6597 ok=1
Cmd: disassembleShader
  api=9 insize=6760 outsize=6760 ok=1
Cmd: disassembleShader
  api=9 insize=6777 outsize=6777 ok=1
Cmd: disassembleShader
  api=9 insize=7661 outsize=7661 ok=1
Cmd: disassembleShader
  api=9 insize=7824 outsize=7824 ok=1
Cmd: disassembleShader
  api=9 insize=6995 outsize=6995 ok=1
Cmd: disassembleShader
  api=9 insize=7879 outsize=7879 ok=1
Cmd: disassembleShader
  api=9 insize=8042 outsize=8042 ok=1
Cmd: disassembleShader
  api=9 insize=5531 outsize=5531 ok=1
Cmd: disassembleShader
  api=9 insize=6401 outsize=6401 ok=1
Cmd: disassembleShader
  api=9 insize=6564 outsize=6564 ok=1
Cmd: disassembleShader
  api=9 insize=5749 outsize=5749 ok=1
Cmd: disassembleShader
  api=9 insize=6619 outsize=6619 ok=1
Cmd: disassembleShader
  api=9 insize=6782 outsize=6782 ok=1
Cmd: disassembleShader
  api=9 insize=5509 outsize=5509 ok=1
Cmd: disassembleShader
  api=9 insize=6379 outsize=6379 ok=1
Cmd: disassembleShader
  api=9 insize=6542 outsize=6542 ok=1
Cmd: disassembleShader
  api=9 insize=4505 outsize=4505 ok=1
Cmd: disassembleShader
  api=9 insize=5371 outsize=5371 ok=1
Cmd: disassembleShader
  api=9 insize=5538 outsize=5538 ok=1
Cmd: disassembleShader
  api=9 insize=5626 outsize=5626 ok=1
Cmd: disassembleShader
  api=9 insize=6519 outsize=6519 ok=1
Cmd: disassembleShader
  api=9 insize=6682 outsize=6682 ok=1
Cmd: disassembleShader
  api=9 insize=5845 outsize=5845 ok=1
Cmd: disassembleShader
  api=9 insize=6738 outsize=6738 ok=1
Cmd: disassembleShader
  api=9 insize=6901 outsize=6901 ok=1
Cmd: disassembleShader
  api=9 insize=4333 outsize=4333 ok=1
Cmd: disassembleShader
  api=9 insize=5199 outsize=5199 ok=1
Cmd: disassembleShader
  api=9 insize=5366 outsize=5366 ok=1
Cmd: disassembleShader
  api=9 insize=4552 outsize=4552 ok=1
Cmd: disassembleShader
  api=9 insize=5418 outsize=5418 ok=1
Cmd: disassembleShader
  api=9 insize=5585 outsize=5585 ok=1
Cmd: disassembleShader
  api=9 insize=4286 outsize=4286 ok=1
Cmd: disassembleShader
  api=9 insize=5152 outsize=5152 ok=1
Cmd: disassembleShader
  api=9 insize=5319 outsize=5319 ok=1
Cmd: disassembleShader
  api=9 insize=5681 outsize=5681 ok=1
Cmd: disassembleShader
  api=9 insize=6551 outsize=6551 ok=1
Cmd: disassembleShader
  api=9 insize=6714 outsize=6714 ok=1
Cmd: disassembleShader
  api=9 insize=6731 outsize=6731 ok=1
Cmd: disassembleShader
  api=9 insize=7615 outsize=7615 ok=1
Cmd: disassembleShader
  api=9 insize=7778 outsize=7778 ok=1
Cmd: disassembleShader
  api=9 insize=6949 outsize=6949 ok=1
Cmd: disassembleShader
  api=9 insize=7833 outsize=7833 ok=1
Cmd: disassembleShader
  api=9 insize=7996 outsize=7996 ok=1
Cmd: disassembleShader
  api=9 insize=5485 outsize=5485 ok=1
Cmd: disassembleShader
  api=9 insize=6355 outsize=6355 ok=1
Cmd: disassembleShader
  api=9 insize=6518 outsize=6518 ok=1
Cmd: disassembleShader
  api=9 insize=5703 outsize=5703 ok=1
Cmd: disassembleShader
  api=9 insize=6573 outsize=6573 ok=1
Cmd: disassembleShader
  api=9 insize=6736 outsize=6736 ok=1
Cmd: disassembleShader
  api=9 insize=5463 outsize=5463 ok=1
Cmd: disassembleShader
  api=9 insize=6333 outsize=6333 ok=1
Cmd: disassembleShader
  api=9 insize=6496 outsize=6496 ok=1
Cmd: disassembleShader
  api=9 insize=4514 outsize=4514 ok=1
Cmd: disassembleShader
  api=9 insize=5380 outsize=5380 ok=1
Cmd: disassembleShader
  api=9 insize=5547 outsize=5547 ok=1
Cmd: disassembleShader
  api=9 insize=5626 outsize=5626 ok=1
Cmd: disassembleShader
  api=9 insize=6519 outsize=6519 ok=1
Cmd: disassembleShader
  api=9 insize=6682 outsize=6682 ok=1
Cmd: disassembleShader
  api=9 insize=5854 outsize=5854 ok=1
Cmd: disassembleShader
  api=9 insize=6747 outsize=6747 ok=1
Cmd: disassembleShader
  api=9 insize=6910 outsize=6910 ok=1
Cmd: disassembleShader
  api=9 insize=4333 outsize=4333 ok=1
Cmd: disassembleShader
  api=9 insize=5199 outsize=5199 ok=1
Cmd: disassembleShader
  api=9 insize=5366 outsize=5366 ok=1
Cmd: disassembleShader
  api=9 insize=4561 outsize=4561 ok=1
Cmd: disassembleShader
  api=9 insize=5427 outsize=5427 ok=1
Cmd: disassembleShader
  api=9 insize=5594 outsize=5594 ok=1
Cmd: initializeCompiler
Cmd: initializeCompiler
Cmd: initializeCompiler
Unhandled exception: Protocol error - unexpected end of data (did the Editor crash?)

Quitting shader compiler process
