Base path: /home/mati/Unity/Hub/Editor/2018.4.27f1/Editor/Data
Cmd: initializeCompiler
Cmd: disassembleShader
  api=9 insize=8068 outsize=8068 ok=1
Cmd: disassembleShader
  api=9 insize=8934 outsize=8934 ok=1
Cmd: disassembleShader
  api=9 insize=9101 outsize=9101 ok=1
Cmd: disassembleShader
  api=9 insize=9471 outsize=9471 ok=1
Cmd: disassembleShader
  api=9 insize=10341 outsize=10341 ok=1
Cmd: disassembleShader
  api=9 insize=10504 outsize=10504 ok=1
Cmd: disassembleShader
  api=9 insize=10580 outsize=10580 ok=1
Cmd: disassembleShader
  api=9 insize=11464 outsize=11464 ok=1
Cmd: disassembleShader
  api=9 insize=11627 outsize=11627 ok=1
Cmd: disassembleShader
  api=9 insize=10761 outsize=10761 ok=1
Cmd: disassembleShader
  api=9 insize=11645 outsize=11645 ok=1
Cmd: disassembleShader
  api=9 insize=11808 outsize=11808 ok=1
Cmd: disassembleShader
  api=9 insize=9353 outsize=9353 ok=1
Cmd: disassembleShader
  api=9 insize=10223 outsize=10223 ok=1
Cmd: disassembleShader
  api=9 insize=10386 outsize=10386 ok=1
Cmd: disassembleShader
  api=9 insize=9534 outsize=9534 ok=1
Cmd: disassembleShader
  api=9 insize=10404 outsize=10404 ok=1
Cmd: disassembleShader
  api=9 insize=10567 outsize=10567 ok=1
Cmd: disassembleShader
  api=9 insize=9290 outsize=9290 ok=1
Cmd: disassembleShader
  api=9 insize=10160 outsize=10160 ok=1
Cmd: disassembleShader
  api=9 insize=10323 outsize=10323 ok=1
Cmd: disassembleShader
  api=9 insize=10120 outsize=10120 ok=1
Cmd: disassembleShader
  api=9 insize=11625 outsize=11625 ok=1
Cmd: disassembleShader
  api=9 insize=11805 outsize=11805 ok=1
Cmd: disassembleShader
  api=9 insize=11304 outsize=11304 ok=1
Cmd: disassembleShader
  api=9 insize=12836 outsize=12836 ok=1
Cmd: disassembleShader
  api=9 insize=13012 outsize=13012 ok=1
Cmd: disassembleShader
  api=9 insize=11492 outsize=11492 ok=1
Cmd: disassembleShader
  api=9 insize=13024 outsize=13024 ok=1
Cmd: disassembleShader
  api=9 insize=13200 outsize=13200 ok=1
Cmd: disassembleShader
  api=9 insize=10039 outsize=10039 ok=1
Cmd: disassembleShader
  api=9 insize=11544 outsize=11544 ok=1
Cmd: disassembleShader
  api=9 insize=11724 outsize=11724 ok=1
Cmd: disassembleShader
  api=9 insize=10245 outsize=10245 ok=1
Cmd: disassembleShader
  api=9 insize=11750 outsize=11750 ok=1
Cmd: disassembleShader
  api=9 insize=11930 outsize=11930 ok=1
Cmd: disassembleShader
  api=9 insize=9914 outsize=9914 ok=1
Cmd: disassembleShader
  api=9 insize=11419 outsize=11419 ok=1
Cmd: disassembleShader
  api=9 insize=11599 outsize=11599 ok=1
Cmd: disassembleShader
  api=9 insize=11258 outsize=11258 ok=1
Cmd: disassembleShader
  api=9 insize=12767 outsize=12767 ok=1
Cmd: disassembleShader
  api=9 insize=12943 outsize=12943 ok=1
Cmd: disassembleShader
  api=9 insize=12370 outsize=12370 ok=1
Cmd: disassembleShader
  api=9 insize=13893 outsize=13893 ok=1
Cmd: disassembleShader
  api=9 insize=14069 outsize=14069 ok=1
Cmd: disassembleShader
  api=9 insize=12551 outsize=12551 ok=1
Cmd: disassembleShader
  api=9 insize=14074 outsize=14074 ok=1
Cmd: disassembleShader
  api=9 insize=14250 outsize=14250 ok=1
Cmd: disassembleShader
  api=9 insize=11183 outsize=11183 ok=1
Cmd: disassembleShader
  api=9 insize=12692 outsize=12692 ok=1
Cmd: disassembleShader
  api=9 insize=12868 outsize=12868 ok=1
Cmd: disassembleShader
  api=9 insize=11364 outsize=11364 ok=1
Cmd: disassembleShader
  api=9 insize=12873 outsize=12873 ok=1
Cmd: disassembleShader
  api=9 insize=13049 outsize=13049 ok=1
Cmd: disassembleShader
  api=9 insize=11077 outsize=11077 ok=1
Cmd: disassembleShader
  api=9 insize=12586 outsize=12586 ok=1
Cmd: disassembleShader
  api=9 insize=12762 outsize=12762 ok=1
Cmd: disassembleShader
  api=9 insize=8274 outsize=8274 ok=1
Cmd: disassembleShader
  api=9 insize=9140 outsize=9140 ok=1
Cmd: disassembleShader
  api=9 insize=9307 outsize=9307 ok=1
Cmd: disassembleShader
  api=9 insize=9420 outsize=9420 ok=1
Cmd: disassembleShader
  api=9 insize=10313 outsize=10313 ok=1
Cmd: disassembleShader
  api=9 insize=10476 outsize=10476 ok=1
Cmd: disassembleShader
  api=9 insize=9601 outsize=9601 ok=1
Cmd: disassembleShader
  api=9 insize=10494 outsize=10494 ok=1
Cmd: disassembleShader
  api=9 insize=10657 outsize=10657 ok=1
Cmd: disassembleShader
  api=9 insize=8173 outsize=8173 ok=1
Cmd: disassembleShader
  api=9 insize=9039 outsize=9039 ok=1
Cmd: disassembleShader
  api=9 insize=9206 outsize=9206 ok=1
Cmd: disassembleShader
  api=9 insize=8379 outsize=8379 ok=1
Cmd: disassembleShader
  api=9 insize=9245 outsize=9245 ok=1
Cmd: disassembleShader
  api=9 insize=9412 outsize=9412 ok=1
Cmd: disassembleShader
  api=9 insize=8068 outsize=8068 ok=1
Cmd: disassembleShader
  api=9 insize=8934 outsize=8934 ok=1
Cmd: disassembleShader
  api=9 insize=9101 outsize=9101 ok=1
Cmd: disassembleShader
  api=9 insize=10802 outsize=10802 ok=1
Cmd: disassembleShader
  api=9 insize=11672 outsize=11672 ok=1
Cmd: disassembleShader
  api=9 insize=11835 outsize=11835 ok=1
Cmd: disassembleShader
  api=9 insize=11935 outsize=11935 ok=1
Cmd: disassembleShader
  api=9 insize=12805 outsize=12805 ok=1
Cmd: disassembleShader
  api=9 insize=12982 outsize=12982 ok=1
Cmd: disassembleShader
  api=9 insize=12116 outsize=12116 ok=1
Cmd: disassembleShader
  api=9 insize=12986 outsize=12986 ok=1
Cmd: disassembleShader
  api=9 insize=13163 outsize=13163 ok=1
Cmd: disassembleShader
  api=9 insize=10684 outsize=10684 ok=1
Cmd: disassembleShader
  api=9 insize=11554 outsize=11554 ok=1
Cmd: disassembleShader
  api=9 insize=11717 outsize=11717 ok=1
Cmd: disassembleShader
  api=9 insize=10865 outsize=10865 ok=1
Cmd: disassembleShader
  api=9 insize=11735 outsize=11735 ok=1
Cmd: disassembleShader
  api=9 insize=11898 outsize=11898 ok=1
Cmd: disassembleShader
  api=9 insize=10621 outsize=10621 ok=1
Cmd: disassembleShader
  api=9 insize=11491 outsize=11491 ok=1
Cmd: disassembleShader
  api=9 insize=11654 outsize=11654 ok=1
Cmd: disassembleShader
  api=9 insize=10120 outsize=10120 ok=1
Cmd: disassembleShader
  api=9 insize=11625 outsize=11625 ok=1
Cmd: disassembleShader
  api=9 insize=11805 outsize=11805 ok=1
Cmd: disassembleShader
  api=9 insize=11304 outsize=11304 ok=1
Cmd: disassembleShader
  api=9 insize=12836 outsize=12836 ok=1
Cmd: disassembleShader
  api=9 insize=13012 outsize=13012 ok=1
Cmd: disassembleShader
  api=9 insize=11492 outsize=11492 ok=1
Cmd: disassembleShader
  api=9 insize=13024 outsize=13024 ok=1
Cmd: disassembleShader
  api=9 insize=13200 outsize=13200 ok=1
Cmd: disassembleShader
  api=9 insize=10039 outsize=10039 ok=1
Cmd: disassembleShader
  api=9 insize=11544 outsize=11544 ok=1
Cmd: disassembleShader
  api=9 insize=11724 outsize=11724 ok=1
Cmd: disassembleShader
  api=9 insize=10245 outsize=10245 ok=1
Cmd: disassembleShader
  api=9 insize=11750 outsize=11750 ok=1
Cmd: disassembleShader
  api=9 insize=11930 outsize=11930 ok=1
Cmd: disassembleShader
  api=9 insize=9914 outsize=9914 ok=1
Cmd: disassembleShader
  api=9 insize=11419 outsize=11419 ok=1
Cmd: disassembleShader
  api=9 insize=11599 outsize=11599 ok=1
Cmd: disassembleShader
  api=9 insize=12589 outsize=12589 ok=1
Cmd: disassembleShader
  api=9 insize=14098 outsize=14098 ok=1
Cmd: disassembleShader
  api=9 insize=14274 outsize=14274 ok=1
Cmd: disassembleShader
  api=9 insize=13725 outsize=13725 ok=1
Cmd: disassembleShader
  api=9 insize=15234 outsize=15234 ok=1
Cmd: disassembleShader
  api=9 insize=15424 outsize=15424 ok=1
Cmd: disassembleShader
  api=9 insize=13906 outsize=13906 ok=1
Cmd: disassembleShader
  api=9 insize=15415 outsize=15415 ok=1
Cmd: disassembleShader
  api=9 insize=15605 outsize=15605 ok=1
Cmd: disassembleShader
  api=9 insize=12514 outsize=12514 ok=1
Cmd: disassembleShader
  api=9 insize=14023 outsize=14023 ok=1
Cmd: disassembleShader
  api=9 insize=14199 outsize=14199 ok=1
Cmd: disassembleShader
  api=9 insize=12695 outsize=12695 ok=1
Cmd: disassembleShader
  api=9 insize=14204 outsize=14204 ok=1
Cmd: disassembleShader
  api=9 insize=14380 outsize=14380 ok=1
Cmd: disassembleShader
  api=9 insize=12408 outsize=12408 ok=1
Cmd: disassembleShader
  api=9 insize=13917 outsize=13917 ok=1
Cmd: disassembleShader
  api=9 insize=14093 outsize=14093 ok=1
Cmd: disassembleShader
  api=9 insize=8274 outsize=8274 ok=1
Cmd: disassembleShader
  api=9 insize=9140 outsize=9140 ok=1
Cmd: disassembleShader
  api=9 insize=9307 outsize=9307 ok=1
Cmd: disassembleShader
  api=9 insize=9420 outsize=9420 ok=1
Cmd: disassembleShader
  api=9 insize=10313 outsize=10313 ok=1
Cmd: disassembleShader
  api=9 insize=10476 outsize=10476 ok=1
Cmd: disassembleShader
  api=9 insize=9601 outsize=9601 ok=1
Cmd: disassembleShader
  api=9 insize=10494 outsize=10494 ok=1
Cmd: disassembleShader
  api=9 insize=10657 outsize=10657 ok=1
Cmd: disassembleShader
  api=9 insize=8173 outsize=8173 ok=1
Cmd: disassembleShader
  api=9 insize=9039 outsize=9039 ok=1
Cmd: disassembleShader
  api=9 insize=9206 outsize=9206 ok=1
Cmd: disassembleShader
  api=9 insize=8379 outsize=8379 ok=1
Cmd: disassembleShader
  api=9 insize=9245 outsize=9245 ok=1
Cmd: disassembleShader
  api=9 insize=9412 outsize=9412 ok=1
Cmd: disassembleShader
  api=9 insize=0 outsize=57 ok=1
Cmd: disassembleShader
  api=9 insize=0 outsize=57 ok=1
Cmd: disassembleShader
  api=9 insize=0 outsize=57 ok=1
Cmd: disassembleShader
  api=9 insize=0 outsize=57 ok=1
Cmd: disassembleShader
  api=9 insize=0 outsize=57 ok=1
Cmd: disassembleShader
  api=9 insize=0 outsize=57 ok=1
Cmd: disassembleShader
  api=9 insize=0 outsize=57 ok=1
Cmd: disassembleShader
  api=9 insize=0 outsize=57 ok=1
Cmd: disassembleShader
  api=9 insize=0 outsize=57 ok=1
Cmd: disassembleShader
  api=9 insize=0 outsize=57 ok=1
Cmd: disassembleShader
  api=9 insize=0 outsize=57 ok=1
Cmd: disassembleShader
  api=9 insize=0 outsize=57 ok=1
Cmd: disassembleShader
  api=9 insize=0 outsize=57 ok=1
Cmd: disassembleShader
  api=9 insize=0 outsize=57 ok=1
Cmd: disassembleShader
  api=9 insize=0 outsize=57 ok=1
Cmd: disassembleShader
  api=9 insize=0 outsize=57 ok=1
Cmd: disassembleShader
  api=9 insize=0 outsize=57 ok=1
Cmd: disassembleShader
  api=9 insize=0 outsize=57 ok=1
Cmd: disassembleShader
  api=9 insize=0 outsize=57 ok=1
Cmd: disassembleShader
  api=9 insize=0 outsize=57 ok=1
Cmd: disassembleShader
  api=9 insize=0 outsize=57 ok=1
Cmd: disassembleShader
  api=9 insize=0 outsize=57 ok=1
Cmd: disassembleShader
  api=9 insize=0 outsize=57 ok=1
Cmd: disassembleShader
  api=9 insize=0 outsize=57 ok=1
Cmd: disassembleShader
  api=9 insize=0 outsize=57 ok=1
Cmd: disassembleShader
  api=9 insize=0 outsize=57 ok=1
Cmd: disassembleShader
  api=9 insize=0 outsize=57 ok=1
Cmd: disassembleShader
  api=9 insize=0 outsize=57 ok=1
Cmd: disassembleShader
  api=9 insize=0 outsize=57 ok=1
Cmd: disassembleShader
  api=9 insize=0 outsize=57 ok=1
Cmd: disassembleShader
  api=9 insize=0 outsize=57 ok=1
Cmd: disassembleShader
  api=9 insize=0 outsize=57 ok=1
Cmd: disassembleShader
  api=9 insize=0 outsize=57 ok=1
Cmd: disassembleShader
  api=9 insize=0 outsize=57 ok=1
Cmd: disassembleShader
  api=9 insize=0 outsize=57 ok=1
Cmd: disassembleShader
  api=9 insize=0 outsize=57 ok=1
Cmd: disassembleShader
  api=9 insize=0 outsize=57 ok=1
Cmd: disassembleShader
  api=9 insize=0 outsize=57 ok=1
Cmd: disassembleShader
  api=9 insize=0 outsize=57 ok=1
Cmd: disassembleShader
  api=9 insize=0 outsize=57 ok=1
Cmd: disassembleShader
  api=9 insize=0 outsize=57 ok=1
Cmd: disassembleShader
  api=9 insize=0 outsize=57 ok=1
Cmd: disassembleShader
  api=9 insize=0 outsize=57 ok=1
Cmd: disassembleShader
  api=9 insize=0 outsize=57 ok=1
Cmd: disassembleShader
  api=9 insize=0 outsize=57 ok=1
Cmd: disassembleShader
  api=9 insize=0 outsize=57 ok=1
Cmd: disassembleShader
  api=9 insize=0 outsize=57 ok=1
Cmd: disassembleShader
  api=9 insize=0 outsize=57 ok=1
Cmd: disassembleShader
  api=9 insize=0 outsize=57 ok=1
Cmd: disassembleShader
  api=9 insize=0 outsize=57 ok=1
Cmd: disassembleShader
  api=9 insize=0 outsize=57 ok=1
Cmd: disassembleShader
  api=9 insize=0 outsize=57 ok=1
Cmd: disassembleShader
  api=9 insize=0 outsize=57 ok=1
Cmd: disassembleShader
  api=9 insize=0 outsize=57 ok=1
Cmd: disassembleShader
  api=9 insize=0 outsize=57 ok=1
Cmd: disassembleShader
  api=9 insize=0 outsize=57 ok=1
Cmd: disassembleShader
  api=9 insize=0 outsize=57 ok=1
Cmd: disassembleShader
  api=9 insize=0 outsize=57 ok=1
Cmd: disassembleShader
  api=9 insize=0 outsize=57 ok=1
Cmd: disassembleShader
  api=9 insize=0 outsize=57 ok=1
Cmd: disassembleShader
  api=9 insize=0 outsize=57 ok=1
Cmd: disassembleShader
  api=9 insize=0 outsize=57 ok=1
Cmd: disassembleShader
  api=9 insize=0 outsize=57 ok=1
Cmd: disassembleShader
  api=9 insize=0 outsize=57 ok=1
Cmd: disassembleShader
  api=9 insize=0 outsize=57 ok=1
Cmd: disassembleShader
  api=9 insize=0 outsize=57 ok=1
Cmd: disassembleShader
  api=9 insize=0 outsize=57 ok=1
Cmd: disassembleShader
  api=9 insize=0 outsize=57 ok=1
Cmd: disassembleShader
  api=9 insize=0 outsize=57 ok=1
Cmd: disassembleShader
  api=9 insize=0 outsize=57 ok=1
Cmd: disassembleShader
  api=9 insize=0 outsize=57 ok=1
Cmd: disassembleShader
  api=9 insize=0 outsize=57 ok=1
Cmd: disassembleShader
  api=9 insize=7074 outsize=7074 ok=1
Cmd: disassembleShader
  api=9 insize=6898 outsize=6898 ok=1
Cmd: disassembleShader
  api=9 insize=6977 outsize=6977 ok=1
Cmd: disassembleShader
  api=9 insize=7179 outsize=7179 ok=1
Cmd: disassembleShader
  api=9 insize=7173 outsize=7173 ok=1
Cmd: disassembleShader
  api=9 insize=7252 outsize=7252 ok=1
Cmd: disassembleShader
  api=9 insize=5964 outsize=5964 ok=1
Cmd: disassembleShader
  api=9 insize=6844 outsize=6844 ok=1
Cmd: disassembleShader
  api=9 insize=6913 outsize=6913 ok=1
Cmd: disassembleShader
  api=9 insize=5824 outsize=5824 ok=1
Cmd: disassembleShader
  api=9 insize=6704 outsize=6704 ok=1
Cmd: disassembleShader
  api=9 insize=6773 outsize=6773 ok=1
Cmd: disassembleShader
  api=9 insize=8786 outsize=8786 ok=1
Cmd: disassembleShader
  api=9 insize=8777 outsize=8777 ok=1
Cmd: disassembleShader
  api=9 insize=8856 outsize=8856 ok=1
Cmd: disassembleShader
  api=9 insize=6571 outsize=6571 ok=1
Cmd: disassembleShader
  api=9 insize=7441 outsize=7441 ok=1
Cmd: disassembleShader
  api=9 insize=7520 outsize=7520 ok=1
Cmd: disassembleShader
  api=9 insize=6440 outsize=6440 ok=1
Cmd: disassembleShader
  api=9 insize=7310 outsize=7310 ok=1
Cmd: disassembleShader
  api=9 insize=7389 outsize=7389 ok=1
Cmd: disassembleShader
  api=9 insize=7704 outsize=7704 ok=1
Cmd: disassembleShader
  api=9 insize=8574 outsize=8574 ok=1
Cmd: disassembleShader
  api=9 insize=8653 outsize=8653 ok=1
Cmd: disassembleShader
  api=9 insize=6334 outsize=6334 ok=1
Cmd: disassembleShader
  api=9 insize=7204 outsize=7204 ok=1
Cmd: disassembleShader
  api=9 insize=7283 outsize=7283 ok=1
Cmd: disassembleShader
  api=9 insize=6197 outsize=6197 ok=1
Cmd: disassembleShader
  api=9 insize=7067 outsize=7067 ok=1
Cmd: disassembleShader
  api=9 insize=7146 outsize=7146 ok=1
Cmd: disassembleShader
  api=9 insize=7335 outsize=7335 ok=1
Cmd: disassembleShader
  api=9 insize=8205 outsize=8205 ok=1
Cmd: disassembleShader
  api=9 insize=8284 outsize=8284 ok=1
Cmd: disassembleShader
  api=9 insize=5951 outsize=5951 ok=1
Cmd: disassembleShader
  api=9 insize=6835 outsize=6835 ok=1
Cmd: disassembleShader
  api=9 insize=6914 outsize=6914 ok=1
Cmd: disassembleShader
  api=9 insize=5814 outsize=5814 ok=1
Cmd: disassembleShader
  api=9 insize=6698 outsize=6698 ok=1
Cmd: disassembleShader
  api=9 insize=6777 outsize=6777 ok=1
Cmd: disassembleShader
  api=9 insize=8812 outsize=8812 ok=1
Cmd: disassembleShader
  api=9 insize=9682 outsize=9682 ok=1
Cmd: disassembleShader
  api=9 insize=9761 outsize=9761 ok=1
Cmd: disassembleShader
  api=9 insize=7516 outsize=7516 ok=1
Cmd: disassembleShader
  api=9 insize=8386 outsize=8386 ok=1
Cmd: disassembleShader
  api=9 insize=8465 outsize=8465 ok=1
Cmd: disassembleShader
  api=9 insize=7362 outsize=7362 ok=1
Cmd: disassembleShader
  api=9 insize=8232 outsize=8232 ok=1
Cmd: disassembleShader
  api=9 insize=8311 outsize=8311 ok=1
Cmd: disassembleShader
  api=9 insize=9485 outsize=9485 ok=1
Cmd: disassembleShader
  api=9 insize=10355 outsize=10355 ok=1
Cmd: disassembleShader
  api=9 insize=10434 outsize=10434 ok=1
Cmd: disassembleShader
  api=9 insize=8188 outsize=8188 ok=1
Cmd: disassembleShader
  api=9 insize=9058 outsize=9058 ok=1
Cmd: disassembleShader
  api=9 insize=9137 outsize=9137 ok=1
Cmd: disassembleShader
  api=9 insize=8081 outsize=8081 ok=1
Cmd: disassembleShader
  api=9 insize=11563 outsize=11563 ok=1
Cmd: disassembleShader
  api=9 insize=11639 outsize=11639 ok=1
Cmd: disassembleShader
  api=9 insize=9176 outsize=9176 ok=1
Cmd: disassembleShader
  api=9 insize=10685 outsize=10685 ok=1
Cmd: disassembleShader
  api=9 insize=10777 outsize=10777 ok=1
Cmd: disassembleShader
  api=9 insize=7937 outsize=7937 ok=1
Cmd: disassembleShader
  api=9 insize=9456 outsize=9456 ok=1
Cmd: disassembleShader
  api=9 insize=9538 outsize=9538 ok=1
Cmd: disassembleShader
  api=9 insize=7824 outsize=7824 ok=1
Cmd: disassembleShader
  api=9 insize=9343 outsize=9343 ok=1
Cmd: disassembleShader
  api=9 insize=9425 outsize=9425 ok=1
Cmd: disassembleShader
  api=9 insize=10171 outsize=10171 ok=1
Cmd: disassembleShader
  api=9 insize=11680 outsize=11680 ok=1
Cmd: disassembleShader
  api=9 insize=11786 outsize=11786 ok=1
Cmd: disassembleShader
  api=9 insize=8937 outsize=8937 ok=1
Cmd: disassembleShader
  api=9 insize=10460 outsize=10460 ok=1
Cmd: disassembleShader
  api=9 insize=10536 outsize=10536 ok=1
Cmd: disassembleShader
  api=9 insize=8824 outsize=8824 ok=1
Cmd: disassembleShader
  api=9 insize=10347 outsize=10347 ok=1
Cmd: disassembleShader
  api=9 insize=10423 outsize=10423 ok=1
Cmd: disassembleShader
  api=9 insize=10412 outsize=10412 ok=1
Cmd: disassembleShader
  api=9 insize=11921 outsize=11921 ok=1
Cmd: disassembleShader
  api=9 insize=12027 outsize=12027 ok=1
Cmd: disassembleShader
  api=9 insize=9178 outsize=9178 ok=1
Cmd: disassembleShader
  api=9 insize=10701 outsize=10701 ok=1
Cmd: disassembleShader
  api=9 insize=10777 outsize=10777 ok=1
Cmd: disassembleShader
  api=9 insize=9065 outsize=9065 ok=1
Cmd: disassembleShader
  api=9 insize=10588 outsize=10588 ok=1
Cmd: disassembleShader
  api=9 insize=10664 outsize=10664 ok=1
Cmd: disassembleShader
  api=9 insize=11081 outsize=11081 ok=1
Cmd: disassembleShader
  api=9 insize=12590 outsize=12590 ok=1
Cmd: disassembleShader
  api=9 insize=12696 outsize=12696 ok=1
Cmd: disassembleShader
  api=9 insize=9844 outsize=9844 ok=1
Cmd: disassembleShader
  api=9 insize=11367 outsize=11367 ok=1
Cmd: disassembleShader
  api=9 insize=11443 outsize=11443 ok=1
Cmd: disassembleShader
  api=9 insize=9731 outsize=9731 ok=1
Cmd: disassembleShader
  api=9 insize=11254 outsize=11254 ok=1
Cmd: disassembleShader
  api=9 insize=11330 outsize=11330 ok=1
Cmd: disassembleShader
  api=9 insize=10554 outsize=10554 ok=1
Cmd: disassembleShader
  api=9 insize=12063 outsize=12063 ok=1
Cmd: disassembleShader
  api=9 insize=12169 outsize=12169 ok=1
Cmd: disassembleShader
  api=9 insize=9320 outsize=9320 ok=1
Cmd: disassembleShader
  api=9 insize=10843 outsize=10843 ok=1
Cmd: disassembleShader
  api=9 insize=10919 outsize=10919 ok=1
Cmd: disassembleShader
  api=9 insize=9207 outsize=9207 ok=1
Cmd: disassembleShader
  api=9 insize=10730 outsize=10730 ok=1
Cmd: disassembleShader
  api=9 insize=10806 outsize=10806 ok=1
Cmd: disassembleShader
  api=9 insize=11223 outsize=11223 ok=1
Cmd: disassembleShader
  api=9 insize=12732 outsize=12732 ok=1
Cmd: disassembleShader
  api=9 insize=12838 outsize=12838 ok=1
Cmd: disassembleShader
  api=9 insize=9986 outsize=9986 ok=1
Cmd: disassembleShader
  api=9 insize=11509 outsize=11509 ok=1
Cmd: disassembleShader
  api=9 insize=11585 outsize=11585 ok=1
Cmd: disassembleShader
  api=9 insize=9873 outsize=9873 ok=1
Cmd: disassembleShader
  api=9 insize=11396 outsize=11396 ok=1
Cmd: disassembleShader
  api=9 insize=11472 outsize=11472 ok=1
Cmd: disassembleShader
  api=9 insize=8429 outsize=8429 ok=1
Cmd: disassembleShader
  api=9 insize=9299 outsize=9299 ok=1
Cmd: disassembleShader
  api=9 insize=9392 outsize=9392 ok=1
Cmd: disassembleShader
  api=9 insize=7247 outsize=7247 ok=1
Cmd: disassembleShader
  api=9 insize=8131 outsize=8131 ok=1
Cmd: disassembleShader
  api=9 insize=8194 outsize=8194 ok=1
Cmd: disassembleShader
  api=9 insize=0 outsize=57 ok=1
Cmd: disassembleShader
  api=9 insize=0 outsize=57 ok=1
Cmd: disassembleShader
  api=9 insize=0 outsize=57 ok=1
Cmd: disassembleShader
  api=9 insize=0 outsize=57 ok=1
Cmd: disassembleShader
  api=9 insize=0 outsize=57 ok=1
Cmd: disassembleShader
  api=9 insize=0 outsize=57 ok=1
Cmd: disassembleShader
  api=9 insize=0 outsize=57 ok=1
Cmd: disassembleShader
  api=9 insize=0 outsize=57 ok=1
Cmd: disassembleShader
  api=9 insize=0 outsize=57 ok=1
Cmd: disassembleShader
  api=9 insize=0 outsize=57 ok=1
Cmd: disassembleShader
  api=9 insize=0 outsize=57 ok=1
Cmd: disassembleShader
  api=9 insize=0 outsize=57 ok=1
Cmd: disassembleShader
  api=9 insize=0 outsize=57 ok=1
Cmd: disassembleShader
  api=9 insize=0 outsize=57 ok=1
Cmd: disassembleShader
  api=9 insize=0 outsize=57 ok=1
Cmd: disassembleShader
  api=9 insize=0 outsize=57 ok=1
Cmd: disassembleShader
  api=9 insize=0 outsize=57 ok=1
Cmd: disassembleShader
  api=9 insize=0 outsize=57 ok=1
Cmd: disassembleShader
  api=9 insize=0 outsize=57 ok=1
Cmd: disassembleShader
  api=9 insize=0 outsize=57 ok=1
Cmd: disassembleShader
  api=9 insize=0 outsize=57 ok=1
Cmd: disassembleShader
  api=9 insize=0 outsize=57 ok=1
Cmd: disassembleShader
  api=9 insize=0 outsize=57 ok=1
Cmd: disassembleShader
  api=9 insize=0 outsize=57 ok=1
Cmd: disassembleShader
  api=9 insize=0 outsize=57 ok=1
Cmd: disassembleShader
  api=9 insize=0 outsize=57 ok=1
Cmd: disassembleShader
  api=9 insize=0 outsize=57 ok=1
Cmd: disassembleShader
  api=9 insize=0 outsize=57 ok=1
Cmd: disassembleShader
  api=9 insize=0 outsize=57 ok=1
Cmd: disassembleShader
  api=9 insize=0 outsize=57 ok=1
Cmd: disassembleShader
  api=9 insize=0 outsize=57 ok=1
Cmd: disassembleShader
  api=9 insize=0 outsize=57 ok=1
Cmd: disassembleShader
  api=9 insize=0 outsize=57 ok=1
Cmd: disassembleShader
  api=9 insize=0 outsize=57 ok=1
Cmd: disassembleShader
  api=9 insize=0 outsize=57 ok=1
Cmd: disassembleShader
  api=9 insize=0 outsize=57 ok=1
Cmd: disassembleShader
  api=9 insize=0 outsize=57 ok=1
Cmd: disassembleShader
  api=9 insize=0 outsize=57 ok=1
Cmd: disassembleShader
  api=9 insize=0 outsize=57 ok=1
Cmd: disassembleShader
  api=9 insize=0 outsize=57 ok=1
Cmd: disassembleShader
  api=9 insize=0 outsize=57 ok=1
Cmd: disassembleShader
  api=9 insize=0 outsize=57 ok=1
Cmd: disassembleShader
  api=9 insize=0 outsize=57 ok=1
Cmd: disassembleShader
  api=9 insize=0 outsize=57 ok=1
Cmd: disassembleShader
  api=9 insize=0 outsize=57 ok=1
Cmd: disassembleShader
  api=9 insize=0 outsize=57 ok=1
Cmd: disassembleShader
  api=9 insize=0 outsize=57 ok=1
Cmd: disassembleShader
  api=9 insize=0 outsize=57 ok=1
Cmd: disassembleShader
  api=9 insize=0 outsize=57 ok=1
Cmd: disassembleShader
  api=9 insize=0 outsize=57 ok=1
Cmd: disassembleShader
  api=9 insize=0 outsize=57 ok=1
Cmd: disassembleShader
  api=9 insize=0 outsize=57 ok=1
Cmd: disassembleShader
  api=9 insize=0 outsize=57 ok=1
Cmd: disassembleShader
  api=9 insize=0 outsize=57 ok=1
Cmd: disassembleShader
  api=9 insize=0 outsize=57 ok=1
Cmd: disassembleShader
  api=9 insize=0 outsize=57 ok=1
Cmd: disassembleShader
  api=9 insize=0 outsize=57 ok=1
Cmd: disassembleShader
  api=9 insize=0 outsize=57 ok=1
Cmd: disassembleShader
  api=9 insize=0 outsize=57 ok=1
Cmd: disassembleShader
  api=9 insize=0 outsize=57 ok=1
Cmd: disassembleShader
  api=9 insize=0 outsize=57 ok=1
Cmd: disassembleShader
  api=9 insize=0 outsize=57 ok=1
Cmd: disassembleShader
  api=9 insize=0 outsize=57 ok=1
Cmd: disassembleShader
  api=9 insize=0 outsize=57 ok=1
Cmd: disassembleShader
  api=9 insize=0 outsize=57 ok=1
Cmd: disassembleShader
  api=9 insize=0 outsize=57 ok=1
Cmd: disassembleShader
  api=9 insize=0 outsize=57 ok=1
Cmd: disassembleShader
  api=9 insize=0 outsize=57 ok=1
Cmd: disassembleShader
  api=9 insize=0 outsize=57 ok=1
Cmd: disassembleShader
  api=9 insize=0 outsize=57 ok=1
Cmd: disassembleShader
  api=9 insize=0 outsize=57 ok=1
Cmd: disassembleShader
  api=9 insize=0 outsize=57 ok=1
Cmd: disassembleShader
  api=9 insize=0 outsize=57 ok=1
Cmd: disassembleShader
  api=9 insize=0 outsize=57 ok=1
Cmd: disassembleShader
  api=9 insize=0 outsize=57 ok=1
Cmd: disassembleShader
  api=9 insize=0 outsize=57 ok=1
Cmd: disassembleShader
  api=9 insize=0 outsize=57 ok=1
Cmd: disassembleShader
  api=9 insize=0 outsize=57 ok=1
Cmd: disassembleShader
  api=9 insize=0 outsize=57 ok=1
Cmd: disassembleShader
  api=9 insize=0 outsize=57 ok=1
Cmd: disassembleShader
  api=9 insize=0 outsize=57 ok=1
Cmd: disassembleShader
  api=9 insize=0 outsize=57 ok=1
Cmd: disassembleShader
  api=9 insize=0 outsize=57 ok=1
Cmd: disassembleShader
  api=9 insize=0 outsize=57 ok=1
Cmd: disassembleShader
  api=9 insize=0 outsize=57 ok=1
Cmd: disassembleShader
  api=9 insize=0 outsize=57 ok=1
Cmd: disassembleShader
  api=9 insize=0 outsize=57 ok=1
Cmd: disassembleShader
  api=9 insize=0 outsize=57 ok=1
Cmd: disassembleShader
  api=9 insize=0 outsize=57 ok=1
Cmd: disassembleShader
  api=9 insize=0 outsize=57 ok=1
Cmd: disassembleShader
  api=9 insize=0 outsize=57 ok=1
Cmd: disassembleShader
  api=9 insize=0 outsize=57 ok=1
Cmd: disassembleShader
  api=9 insize=0 outsize=57 ok=1
Cmd: disassembleShader
  api=9 insize=0 outsize=57 ok=1
Cmd: disassembleShader
  api=9 insize=0 outsize=57 ok=1
Cmd: disassembleShader
  api=9 insize=0 outsize=57 ok=1
Cmd: disassembleShader
  api=9 insize=0 outsize=57 ok=1
Cmd: disassembleShader
  api=9 insize=0 outsize=57 ok=1
Cmd: disassembleShader
  api=9 insize=0 outsize=57 ok=1
Cmd: disassembleShader
  api=9 insize=0 outsize=57 ok=1
Cmd: disassembleShader
  api=9 insize=0 outsize=57 ok=1
Cmd: disassembleShader
  api=9 insize=0 outsize=57 ok=1
Cmd: disassembleShader
  api=9 insize=0 outsize=57 ok=1
Cmd: disassembleShader
  api=9 insize=0 outsize=57 ok=1
Cmd: disassembleShader
  api=9 insize=0 outsize=57 ok=1
Cmd: disassembleShader
  api=9 insize=0 outsize=57 ok=1
Cmd: disassembleShader
  api=9 insize=0 outsize=57 ok=1
Cmd: disassembleShader
  api=9 insize=0 outsize=57 ok=1
Cmd: disassembleShader
  api=9 insize=0 outsize=57 ok=1
Cmd: disassembleShader
  api=9 insize=0 outsize=57 ok=1
Cmd: disassembleShader
  api=9 insize=0 outsize=57 ok=1
Cmd: disassembleShader
  api=9 insize=0 outsize=57 ok=1
Cmd: disassembleShader
  api=9 insize=0 outsize=57 ok=1
Cmd: disassembleShader
  api=9 insize=0 outsize=57 ok=1
Cmd: disassembleShader
  api=9 insize=0 outsize=57 ok=1
Cmd: disassembleShader
  api=9 insize=0 outsize=57 ok=1
Cmd: disassembleShader
  api=9 insize=0 outsize=57 ok=1
Cmd: disassembleShader
  api=9 insize=2629 outsize=2629 ok=1
Cmd: disassembleShader
  api=9 insize=3281 outsize=3281 ok=1
Cmd: disassembleShader
  api=9 insize=3573 outsize=3573 ok=1
Cmd: disassembleShader
  api=9 insize=3262 outsize=3262 ok=1
Cmd: disassembleShader
  api=9 insize=3914 outsize=3914 ok=1
Cmd: disassembleShader
  api=9 insize=4206 outsize=4206 ok=1
Cmd: disassembleShader
  api=9 insize=2402 outsize=2402 ok=1
Cmd: disassembleShader
  api=9 insize=3054 outsize=3054 ok=1
Cmd: disassembleShader
  api=9 insize=3346 outsize=3346 ok=1
Cmd: disassembleShader
  api=9 insize=3489 outsize=3489 ok=1
Cmd: disassembleShader
  api=9 insize=4141 outsize=4141 ok=1
Cmd: disassembleShader
  api=9 insize=4433 outsize=4433 ok=1
Cmd: disassembleShader
  api=9 insize=0 outsize=57 ok=1
Cmd: disassembleShader
  api=9 insize=0 outsize=57 ok=1
Cmd: disassembleShader
  api=9 insize=0 outsize=57 ok=1
Cmd: disassembleShader
  api=9 insize=0 outsize=57 ok=1
Cmd: disassembleShader
  api=9 insize=0 outsize=57 ok=1
Cmd: disassembleShader
  api=9 insize=0 outsize=57 ok=1
Cmd: disassembleShader
  api=9 insize=0 outsize=57 ok=1
Cmd: disassembleShader
  api=9 insize=0 outsize=57 ok=1
Cmd: disassembleShader
  api=9 insize=0 outsize=57 ok=1
Cmd: disassembleShader
  api=9 insize=0 outsize=57 ok=1
Cmd: disassembleShader
  api=9 insize=0 outsize=57 ok=1
Cmd: disassembleShader
  api=9 insize=0 outsize=57 ok=1
Cmd: disassembleShader
  api=9 insize=4286 outsize=4286 ok=1
Cmd: disassembleShader
  api=9 insize=5152 outsize=5152 ok=1
Cmd: disassembleShader
  api=9 insize=5319 outsize=5319 ok=1
Cmd: disassembleShader
  api=9 insize=5727 outsize=5727 ok=1
Cmd: disassembleShader
  api=9 insize=6597 outsize=6597 ok=1
Cmd: disassembleShader
  api=9 insize=6760 outsize=6760 ok=1
Cmd: disassembleShader
  api=9 insize=6777 outsize=6777 ok=1
Cmd: disassembleShader
  api=9 insize=7661 outsize=7661 ok=1
Cmd: disassembleShader
  api=9 insize=7824 outsize=7824 ok=1
Cmd: disassembleShader
  api=9 insize=6995 outsize=6995 ok=1
Cmd: disassembleShader
  api=9 insize=7879 outsize=7879 ok=1
Cmd: disassembleShader
  api=9 insize=8042 outsize=8042 ok=1
Cmd: disassembleShader
  api=9 insize=5531 outsize=5531 ok=1
Cmd: disassembleShader
  api=9 insize=6401 outsize=6401 ok=1
Cmd: disassembleShader
  api=9 insize=6564 outsize=6564 ok=1
Cmd: disassembleShader
  api=9 insize=5749 outsize=5749 ok=1
Cmd: disassembleShader
  api=9 insize=6619 outsize=6619 ok=1
Cmd: disassembleShader
  api=9 insize=6782 outsize=6782 ok=1
Cmd: disassembleShader
  api=9 insize=5509 outsize=5509 ok=1
Cmd: disassembleShader
  api=9 insize=6379 outsize=6379 ok=1
Cmd: disassembleShader
  api=9 insize=6542 outsize=6542 ok=1
Cmd: disassembleShader
  api=9 insize=4505 outsize=4505 ok=1
Cmd: disassembleShader
  api=9 insize=5371 outsize=5371 ok=1
Cmd: disassembleShader
  api=9 insize=5538 outsize=5538 ok=1
Cmd: disassembleShader
  api=9 insize=5626 outsize=5626 ok=1
Cmd: disassembleShader
  api=9 insize=6519 outsize=6519 ok=1
Cmd: disassembleShader
  api=9 insize=6682 outsize=6682 ok=1
Cmd: disassembleShader
  api=9 insize=5845 outsize=5845 ok=1
Cmd: disassembleShader
  api=9 insize=6738 outsize=6738 ok=1
Cmd: disassembleShader
  api=9 insize=6901 outsize=6901 ok=1
Cmd: disassembleShader
  api=9 insize=4333 outsize=4333 ok=1
Cmd: disassembleShader
  api=9 insize=5199 outsize=5199 ok=1
Cmd: disassembleShader
  api=9 insize=5366 outsize=5366 ok=1
Cmd: disassembleShader
  api=9 insize=4552 outsize=4552 ok=1
Cmd: disassembleShader
  api=9 insize=5418 outsize=5418 ok=1
Cmd: disassembleShader
  api=9 insize=5585 outsize=5585 ok=1
Cmd: disassembleShader
  api=9 insize=4286 outsize=4286 ok=1
Cmd: disassembleShader
  api=9 insize=5152 outsize=5152 ok=1
Cmd: disassembleShader
  api=9 insize=5319 outsize=5319 ok=1
Cmd: disassembleShader
  api=9 insize=5681 outsize=5681 ok=1
Cmd: disassembleShader
  api=9 insize=6551 outsize=6551 ok=1
Cmd: disassembleShader
  api=9 insize=6714 outsize=6714 ok=1
Cmd: disassembleShader
  api=9 insize=6731 outsize=6731 ok=1
Cmd: disassembleShader
  api=9 insize=7615 outsize=7615 ok=1
Cmd: disassembleShader
  api=9 insize=7778 outsize=7778 ok=1
Cmd: disassembleShader
  api=9 insize=6949 outsize=6949 ok=1
Cmd: disassembleShader
  api=9 insize=7833 outsize=7833 ok=1
Cmd: disassembleShader
  api=9 insize=7996 outsize=7996 ok=1
Cmd: disassembleShader
  api=9 insize=5485 outsize=5485 ok=1
Cmd: disassembleShader
  api=9 insize=6355 outsize=6355 ok=1
Cmd: disassembleShader
  api=9 insize=6518 outsize=6518 ok=1
Cmd: disassembleShader
  api=9 insize=5703 outsize=5703 ok=1
Cmd: disassembleShader
  api=9 insize=6573 outsize=6573 ok=1
Cmd: disassembleShader
  api=9 insize=6736 outsize=6736 ok=1
Cmd: disassembleShader
  api=9 insize=5463 outsize=5463 ok=1
Cmd: disassembleShader
  api=9 insize=6333 outsize=6333 ok=1
Cmd: disassembleShader
  api=9 insize=6496 outsize=6496 ok=1
Cmd: disassembleShader
  api=9 insize=4514 outsize=4514 ok=1
Cmd: disassembleShader
  api=9 insize=5380 outsize=5380 ok=1
Cmd: disassembleShader
  api=9 insize=5547 outsize=5547 ok=1
Cmd: disassembleShader
  api=9 insize=5626 outsize=5626 ok=1
Cmd: disassembleShader
  api=9 insize=6519 outsize=6519 ok=1
Cmd: disassembleShader
  api=9 insize=6682 outsize=6682 ok=1
Cmd: disassembleShader
  api=9 insize=5854 outsize=5854 ok=1
Cmd: disassembleShader
  api=9 insize=6747 outsize=6747 ok=1
Cmd: disassembleShader
  api=9 insize=6910 outsize=6910 ok=1
Cmd: disassembleShader
  api=9 insize=4333 outsize=4333 ok=1
Cmd: disassembleShader
  api=9 insize=5199 outsize=5199 ok=1
Cmd: disassembleShader
  api=9 insize=5366 outsize=5366 ok=1
Cmd: disassembleShader
  api=9 insize=4561 outsize=4561 ok=1
Cmd: disassembleShader
  api=9 insize=5427 outsize=5427 ok=1
Cmd: disassembleShader
  api=9 insize=5594 outsize=5594 ok=1
Cmd: disassembleShader
  api=9 insize=0 outsize=57 ok=1
Cmd: initializeCompiler
Cmd: initializeCompiler
Cmd: initializeCompiler
Unhandled exception: Protocol error - unexpected end of data (did the Editor crash?)

Quitting shader compiler process
